Determining if the pthread_create exist failed with the following output:
Change Dir: /home/wmf-admin/Desktop/inferencerobotcontrolpkg/build/motoman_sia10f_support/CMakeFiles/CMakeTmp

Run Build Command:"/usr/bin/make" "cmTC_d475a/fast"
/usr/bin/make -f CMakeFiles/cmTC_d475a.dir/build.make CMakeFiles/cmTC_d475a.dir/build
make[1]: Entering directory '/home/wmf-admin/Desktop/inferencerobotcontrolpkg/build/motoman_sia10f_support/CMakeFiles/CMakeTmp'
Building C object CMakeFiles/cmTC_d475a.dir/CheckSymbolExists.c.o
/usr/bin/cc     -o CMakeFiles/cmTC_d475a.dir/CheckSymbolExists.c.o   -c /home/wmf-admin/Desktop/inferencerobotcontrolpkg/build/motoman_sia10f_support/CMakeFiles/CMakeTmp/CheckSymbolExists.c
Linking C executable cmTC_d475a
/usr/bin/cmake -E cmake_link_script CMakeFiles/cmTC_d475a.dir/link.txt --verbose=1
/usr/bin/cc       CMakeFiles/cmTC_d475a.dir/CheckSymbolExists.c.o  -o cmTC_d475a -rdynamic 
CMakeFiles/cmTC_d475a.dir/CheckSymbolExists.c.o: In function `main':
CheckSymbolExists.c:(.text+0x16): undefined reference to `pthread_create'
collect2: error: ld returned 1 exit status
CMakeFiles/cmTC_d475a.dir/build.make:97: recipe for target 'cmTC_d475a' failed
make[1]: *** [cmTC_d475a] Error 1
make[1]: Leaving directory '/home/wmf-admin/Desktop/inferencerobotcontrolpkg/build/motoman_sia10f_support/CMakeFiles/CMakeTmp'
Makefile:126: recipe for target 'cmTC_d475a/fast' failed
make: *** [cmTC_d475a/fast] Error 2

File /home/wmf-admin/Desktop/inferencerobotcontrolpkg/build/motoman_sia10f_support/CMakeFiles/CMakeTmp/CheckSymbolExists.c:
/* */
#include <pthread.h>

int main(int argc, char** argv)
{
  (void)argv;
#ifndef pthread_create
  return ((int*)(&pthread_create))[argc];
#else
  (void)argc;
  return 0;
#endif
}

Determining if the function pthread_create exists in the pthreads failed with the following output:
Change Dir: /home/wmf-admin/Desktop/inferencerobotcontrolpkg/build/motoman_sia10f_support/CMakeFiles/CMakeTmp

Run Build Command:"/usr/bin/make" "cmTC_1645b/fast"
/usr/bin/make -f CMakeFiles/cmTC_1645b.dir/build.make CMakeFiles/cmTC_1645b.dir/build
make[1]: Entering directory '/home/wmf-admin/Desktop/inferencerobotcontrolpkg/build/motoman_sia10f_support/CMakeFiles/CMakeTmp'
Building C object CMakeFiles/cmTC_1645b.dir/CheckFunctionExists.c.o
/usr/bin/cc    -DCHECK_FUNCTION_EXISTS=pthread_create   -o CMakeFiles/cmTC_1645b.dir/CheckFunctionExists.c.o   -c /usr/share/cmake-3.5/Modules/CheckFunctionExists.c
Linking C executable cmTC_1645b
/usr/bin/cmake -E cmake_link_script CMakeFiles/cmTC_1645b.dir/link.txt --verbose=1
/usr/bin/cc   -DCHECK_FUNCTION_EXISTS=pthread_create    CMakeFiles/cmTC_1645b.dir/CheckFunctionExists.c.o  -o cmTC_1645b -rdynamic -lpthreads 
/usr/bin/ld: cannot find -lpthreads
collect2: error: ld returned 1 exit status
CMakeFiles/cmTC_1645b.dir/build.make:97: recipe for target 'cmTC_1645b' failed
make[1]: *** [cmTC_1645b] Error 1
make[1]: Leaving directory '/home/wmf-admin/Desktop/inferencerobotcontrolpkg/build/motoman_sia10f_support/CMakeFiles/CMakeTmp'
Makefile:126: recipe for target 'cmTC_1645b/fast' failed
make: *** [cmTC_1645b/fast] Error 2


