Determining if the pthread_create exist failed with the following output:
Change Dir: /home/sawyercontrol/Desktop/robotcontrolpkg/build/motoman_mh12_support/CMakeFiles/CMakeTmp

Run Build Command:"/usr/bin/make" "cmTC_09685/fast"
/usr/bin/make -f CMakeFiles/cmTC_09685.dir/build.make CMakeFiles/cmTC_09685.dir/build
make[1]: Entering directory '/home/sawyercontrol/Desktop/robotcontrolpkg/build/motoman_mh12_support/CMakeFiles/CMakeTmp'
Building C object CMakeFiles/cmTC_09685.dir/CheckSymbolExists.c.o
/usr/bin/cc     -o CMakeFiles/cmTC_09685.dir/CheckSymbolExists.c.o   -c /home/sawyercontrol/Desktop/robotcontrolpkg/build/motoman_mh12_support/CMakeFiles/CMakeTmp/CheckSymbolExists.c
Linking C executable cmTC_09685
/usr/bin/cmake -E cmake_link_script CMakeFiles/cmTC_09685.dir/link.txt --verbose=1
/usr/bin/cc       CMakeFiles/cmTC_09685.dir/CheckSymbolExists.c.o  -o cmTC_09685 -rdynamic 
CMakeFiles/cmTC_09685.dir/CheckSymbolExists.c.o: In function `main':
CheckSymbolExists.c:(.text+0x16): undefined reference to `pthread_create'
collect2: error: ld returned 1 exit status
CMakeFiles/cmTC_09685.dir/build.make:97: recipe for target 'cmTC_09685' failed
make[1]: *** [cmTC_09685] Error 1
make[1]: Leaving directory '/home/sawyercontrol/Desktop/robotcontrolpkg/build/motoman_mh12_support/CMakeFiles/CMakeTmp'
Makefile:126: recipe for target 'cmTC_09685/fast' failed
make: *** [cmTC_09685/fast] Error 2

File /home/sawyercontrol/Desktop/robotcontrolpkg/build/motoman_mh12_support/CMakeFiles/CMakeTmp/CheckSymbolExists.c:
/* */
#include <pthread.h>

int main(int argc, char** argv)
{
  (void)argv;
#ifndef pthread_create
  return ((int*)(&pthread_create))[argc];
#else
  (void)argc;
  return 0;
#endif
}

Determining if the function pthread_create exists in the pthreads failed with the following output:
Change Dir: /home/sawyercontrol/Desktop/robotcontrolpkg/build/motoman_mh12_support/CMakeFiles/CMakeTmp

Run Build Command:"/usr/bin/make" "cmTC_c2642/fast"
/usr/bin/make -f CMakeFiles/cmTC_c2642.dir/build.make CMakeFiles/cmTC_c2642.dir/build
make[1]: Entering directory '/home/sawyercontrol/Desktop/robotcontrolpkg/build/motoman_mh12_support/CMakeFiles/CMakeTmp'
Building C object CMakeFiles/cmTC_c2642.dir/CheckFunctionExists.c.o
/usr/bin/cc    -DCHECK_FUNCTION_EXISTS=pthread_create   -o CMakeFiles/cmTC_c2642.dir/CheckFunctionExists.c.o   -c /usr/share/cmake-3.5/Modules/CheckFunctionExists.c
Linking C executable cmTC_c2642
/usr/bin/cmake -E cmake_link_script CMakeFiles/cmTC_c2642.dir/link.txt --verbose=1
/usr/bin/cc   -DCHECK_FUNCTION_EXISTS=pthread_create    CMakeFiles/cmTC_c2642.dir/CheckFunctionExists.c.o  -o cmTC_c2642 -rdynamic -lpthreads 
/usr/bin/ld: cannot find -lpthreads
collect2: error: ld returned 1 exit status
CMakeFiles/cmTC_c2642.dir/build.make:97: recipe for target 'cmTC_c2642' failed
make[1]: *** [cmTC_c2642] Error 1
make[1]: Leaving directory '/home/sawyercontrol/Desktop/robotcontrolpkg/build/motoman_mh12_support/CMakeFiles/CMakeTmp'
Makefile:126: recipe for target 'cmTC_c2642/fast' failed
make: *** [cmTC_c2642/fast] Error 2


