[35m[1mScanning dependencies of target roscpp_generate_messages_py[0m
[35m[1mScanning dependencies of target std_msgs_generate_messages_lisp[0m
[35m[1mScanning dependencies of target actionlib_generate_messages_lisp[0m
[35m[1mScanning dependencies of target control_msgs_generate_messages_lisp[0m
[35m[1mScanning dependencies of target trajectory_msgs_generate_messages_lisp[0m
[35m[1mScanning dependencies of target actionlib_generate_messages_py[0m
[35m[1mScanning dependencies of target sensor_msgs_generate_messages_lisp[0m
[35m[1mScanning dependencies of target actionlib_generate_messages_cpp[0m
[35m[1mScanning dependencies of target roscpp_generate_messages_eus[0m
[35m[1mScanning dependencies of target rosgraph_msgs_generate_messages_lisp[0m
[35m[1mScanning dependencies of target motoman_simple_message[0m
[35m[1mScanning dependencies of target geometry_msgs_generate_messages_cpp[0m
[35m[1mScanning dependencies of target trajectory_msgs_generate_messages_nodejs[0m
[35m[1mScanning dependencies of target std_msgs_generate_messages_nodejs[0m
[35m[1mScanning dependencies of target actionlib_msgs_generate_messages_nodejs[0m
[35m[1mScanning dependencies of target rosgraph_msgs_generate_messages_py[0m
[35m[1mScanning dependencies of target motoman_msgs_generate_messages_nodejs[0m
[35m[1mScanning dependencies of target std_srvs_generate_messages_nodejs[0m
[35m[1mScanning dependencies of target rosgraph_msgs_generate_messages_eus[0m
[35m[1mScanning dependencies of target actionlib_msgs_generate_messages_eus[0m
[35m[1mScanning dependencies of target roscpp_generate_messages_nodejs[0m
[35m[1mScanning dependencies of target control_msgs_generate_messages_nodejs[0m
[35m[1mScanning dependencies of target trajectory_msgs_generate_messages_cpp[0m
[35m[1mScanning dependencies of target control_msgs_generate_messages_py[0m
[35m[1mScanning dependencies of target sensor_msgs_generate_messages_py[0m
[35m[1mScanning dependencies of target actionlib_generate_messages_nodejs[0m
[35m[1mScanning dependencies of target std_msgs_generate_messages_py[0m
[35m[1mScanning dependencies of target actionlib_msgs_generate_messages_cpp[0m
[  0%] Built target actionlib_generate_messages_lisp
[  0%] Built target trajectory_msgs_generate_messages_lisp
[  0%] Built target actionlib_generate_messages_py
[  0%] Built target control_msgs_generate_messages_lisp
[  0%] Built target roscpp_generate_messages_py
[  0%] Built target sensor_msgs_generate_messages_lisp
[  0%] Built target std_msgs_generate_messages_lisp
[  0%] Built target actionlib_generate_messages_cpp
[  0%] Built target roscpp_generate_messages_eus
[  0%] Built target actionlib_msgs_generate_messages_nodejs
[  0%] Built target geometry_msgs_generate_messages_cpp
[  0%] Built target rosgraph_msgs_generate_messages_lisp
[  0%] Built target actionlib_msgs_generate_messages_cpp
[  0%] Built target std_msgs_generate_messages_nodejs
[  0%] Built target std_srvs_generate_messages_nodejs
[  0%] Built target trajectory_msgs_generate_messages_nodejs
[  0%] Built target trajectory_msgs_generate_messages_cpp
[  0%] Built target rosgraph_msgs_generate_messages_py
[  0%] Built target motoman_msgs_generate_messages_nodejs
[  0%] Built target actionlib_msgs_generate_messages_eus
[  0%] Built target actionlib_generate_messages_nodejs
[  0%] Built target std_msgs_generate_messages_py
[  0%] Built target control_msgs_generate_messages_nodejs
[  0%] Built target control_msgs_generate_messages_py
[  0%] Built target sensor_msgs_generate_messages_py
[  0%] Built target roscpp_generate_messages_nodejs
[  0%] Built target rosgraph_msgs_generate_messages_eus
[35m[1mScanning dependencies of target industrial_msgs_generate_messages_lisp[0m
[35m[1mScanning dependencies of target actionlib_msgs_generate_messages_lisp[0m
[35m[1mScanning dependencies of target geometry_msgs_generate_messages_lisp[0m
[35m[1mScanning dependencies of target std_srvs_generate_messages_lisp[0m
[35m[1mScanning dependencies of target sensor_msgs_generate_messages_eus[0m
[35m[1mScanning dependencies of target industrial_msgs_generate_messages_eus[0m
[35m[1mScanning dependencies of target control_msgs_generate_messages_eus[0m
[35m[1mScanning dependencies of target geometry_msgs_generate_messages_py[0m
[35m[1mScanning dependencies of target rosgraph_msgs_generate_messages_nodejs[0m
[35m[1mScanning dependencies of target trajectory_msgs_generate_messages_eus[0m
[35m[1mScanning dependencies of target trajectory_msgs_generate_messages_py[0m
[35m[1mScanning dependencies of target std_srvs_generate_messages_eus[0m
[35m[1mScanning dependencies of target control_msgs_generate_messages_cpp[0m
[35m[1mScanning dependencies of target _catkin_empty_exported_target[0m
[35m[1mScanning dependencies of target actionlib_generate_messages_eus[0m
[35m[1mScanning dependencies of target rosgraph_msgs_generate_messages_cpp[0m
[35m[1mScanning dependencies of target actionlib_msgs_generate_messages_py[0m
[35m[1mScanning dependencies of target sensor_msgs_generate_messages_nodejs[0m
[35m[1mScanning dependencies of target std_msgs_generate_messages_cpp[0m
[35m[1mScanning dependencies of target std_msgs_generate_messages_eus[0m
[35m[1mScanning dependencies of target industrial_msgs_generate_messages_py[0m
[35m[1mScanning dependencies of target roscpp_generate_messages_lisp[0m
[35m[1mScanning dependencies of target industrial_msgs_generate_messages_nodejs[0m
[35m[1mScanning dependencies of target industrial_msgs_generate_messages_cpp[0m
[35m[1mScanning dependencies of target std_srvs_generate_messages_py[0m
[35m[1mScanning dependencies of target roscpp_generate_messages_cpp[0m
[35m[1mScanning dependencies of target sensor_msgs_generate_messages_cpp[0m
[  0%] Built target geometry_msgs_generate_messages_lisp
[  0%] Built target actionlib_msgs_generate_messages_lisp
[  0%] Built target sensor_msgs_generate_messages_eus
[  0%] Built target control_msgs_generate_messages_eus
[  0%] Built target std_srvs_generate_messages_lisp
[  0%] Built target industrial_msgs_generate_messages_eus
[  0%] Built target industrial_msgs_generate_messages_lisp
[  0%] Built target geometry_msgs_generate_messages_py
[  0%] Built target _catkin_empty_exported_target
[  0%] Built target trajectory_msgs_generate_messages_eus
[  0%] Built target std_msgs_generate_messages_eus
[  0%] Built target std_srvs_generate_messages_eus
[  0%] Built target industrial_msgs_generate_messages_nodejs
[  0%] Built target control_msgs_generate_messages_cpp
[  0%] Built target trajectory_msgs_generate_messages_py
[  0%] Built target sensor_msgs_generate_messages_nodejs
[  0%] Built target actionlib_generate_messages_eus
[  0%] Built target rosgraph_msgs_generate_messages_cpp
[  0%] Built target actionlib_msgs_generate_messages_py
[  0%] Built target std_msgs_generate_messages_cpp
[  0%] Built target rosgraph_msgs_generate_messages_nodejs
[  0%] Built target roscpp_generate_messages_lisp
[  0%] Built target roscpp_generate_messages_cpp
[  0%] Built target industrial_msgs_generate_messages_cpp
[  0%] Built target industrial_msgs_generate_messages_py
[  0%] Built target std_srvs_generate_messages_py
[  0%] Built target sensor_msgs_generate_messages_cpp
[35m[1mScanning dependencies of target motoman_msgs_generate_messages_cpp[0m
[35m[1mScanning dependencies of target motoman_msgs_generate_messages_lisp[0m
[35m[1mScanning dependencies of target motoman_msgs_generate_messages_eus[0m
[35m[1mScanning dependencies of target geometry_msgs_generate_messages_nodejs[0m
[35m[1mScanning dependencies of target motoman_msgs_generate_messages_py[0m
[35m[1mScanning dependencies of target std_srvs_generate_messages_cpp[0m
[35m[1mScanning dependencies of target geometry_msgs_generate_messages_eus[0m
[35m[1mScanning dependencies of target motoman_simple_message_bswap[0m
[  0%] Built target motoman_msgs_generate_messages_cpp
[  0%] Built target motoman_msgs_generate_messages_eus
[  0%] Built target geometry_msgs_generate_messages_nodejs
[  0%] Built target motoman_msgs_generate_messages_lisp
[  0%] Built target std_srvs_generate_messages_cpp
[  0%] Built target motoman_msgs_generate_messages_py
[  0%] Built target geometry_msgs_generate_messages_eus
[  1%] [32mBuilding CXX object CMakeFiles/motoman_simple_message.dir/src/simple_message/messages/motoman_read_single_io_message.cpp.o[0m
[  2%] [32mBuilding CXX object CMakeFiles/motoman_simple_message.dir/src/simple_message/messages/motoman_read_single_io_reply_message.cpp.o[0m
[  4%] [32mBuilding CXX object CMakeFiles/motoman_simple_message.dir/src/simple_message/messages/motoman_write_single_io_message.cpp.o[0m
[  5%] [32mBuilding CXX object CMakeFiles/motoman_simple_message.dir/src/simple_message/motoman_motion_ctrl.cpp.o[0m
[  6%] [32mBuilding CXX object CMakeFiles/motoman_simple_message.dir/src/simple_message/motoman_motion_reply_message.cpp.o[0m
[  8%] [32mBuilding CXX object CMakeFiles/motoman_simple_message.dir/src/simple_message/messages/motoman_write_single_io_reply_message.cpp.o[0m
[  9%] [32mBuilding CXX object CMakeFiles/motoman_simple_message.dir/src/simple_message/motoman_motion_ctrl_message.cpp.o[0m
[ 10%] [32mBuilding CXX object CMakeFiles/motoman_simple_message.dir/src/simple_message/motoman_motion_reply.cpp.o[0m
[ 12%] [32mBuilding CXX object CMakeFiles/motoman_simple_message.dir/src/simple_message/motoman_read_single_io.cpp.o[0m
[ 13%] [32mBuilding CXX object CMakeFiles/motoman_simple_message.dir/src/simple_message/motoman_write_single_io_reply.cpp.o[0m
[ 16%] [32mBuilding CXX object CMakeFiles/motoman_simple_message.dir/src/simple_message/motoman_read_single_io_reply.cpp.o[0m
[ 16%] [32mBuilding CXX object CMakeFiles/motoman_simple_message.dir/src/simple_message/motoman_write_single_io.cpp.o[0m
[35m[1mScanning dependencies of target motoman_industrial_robot_client_bswap[0m
[35m[1mScanning dependencies of target motoman_industrial_robot_client[0m
[ 17%] [32mBuilding CXX object CMakeFiles/motoman_simple_message_bswap.dir/src/simple_message/motoman_motion_ctrl.cpp.o[0m
[ 20%] [32mBuilding CXX object CMakeFiles/motoman_simple_message_bswap.dir/src/simple_message/messages/motoman_write_single_io_reply_message.cpp.o[0m
[ 20%] [32mBuilding CXX object CMakeFiles/motoman_simple_message_bswap.dir/src/simple_message/messages/motoman_write_single_io_message.cpp.o[0m
[ 22%] [32mBuilding CXX object CMakeFiles/motoman_simple_message_bswap.dir/src/simple_message/messages/motoman_read_single_io_message.cpp.o[0m
[ 22%] [32mBuilding CXX object CMakeFiles/motoman_simple_message_bswap.dir/src/simple_message/messages/motoman_read_single_io_reply_message.cpp.o[0m
[ 24%] [32mBuilding CXX object CMakeFiles/motoman_simple_message_bswap.dir/src/simple_message/motoman_motion_ctrl_message.cpp.o[0m
[ 26%] [32mBuilding CXX object CMakeFiles/motoman_simple_message_bswap.dir/src/simple_message/motoman_motion_reply_message.cpp.o[0m
[ 26%] [32mBuilding CXX object CMakeFiles/motoman_simple_message_bswap.dir/src/simple_message/motoman_motion_reply.cpp.o[0m
[ 28%] [32mBuilding CXX object CMakeFiles/motoman_simple_message_bswap.dir/src/simple_message/motoman_read_single_io.cpp.o[0m
[ 29%] [32mBuilding CXX object CMakeFiles/motoman_simple_message_bswap.dir/src/simple_message/motoman_read_single_io_reply.cpp.o[0m
[ 30%] [32mBuilding CXX object CMakeFiles/motoman_simple_message_bswap.dir/src/simple_message/motoman_write_single_io.cpp.o[0m
[ 32%] [32mBuilding CXX object CMakeFiles/motoman_simple_message_bswap.dir/src/simple_message/motoman_write_single_io_reply.cpp.o[0m
[ 33%] [32mBuilding CXX object CMakeFiles/motoman_industrial_robot_client_bswap.dir/src/industrial_robot_client/joint_feedback_ex_relay_handler.cpp.o[0m
[ 36%] [32mBuilding CXX object CMakeFiles/motoman_industrial_robot_client_bswap.dir/src/industrial_robot_client/joint_relay_handler.cpp.o[0m
[ 36%] [32mBuilding CXX object CMakeFiles/motoman_industrial_robot_client.dir/src/industrial_robot_client/joint_feedback_ex_relay_handler.cpp.o[0m
[ 37%] [32mBuilding CXX object CMakeFiles/motoman_industrial_robot_client_bswap.dir/src/industrial_robot_client/joint_feedback_relay_handler.cpp.o[0m
[ 38%] [32mBuilding CXX object CMakeFiles/motoman_industrial_robot_client.dir/src/industrial_robot_client/joint_feedback_relay_handler.cpp.o[0m
[ 40%] [32mBuilding CXX object CMakeFiles/motoman_industrial_robot_client.dir/src/industrial_robot_client/joint_relay_handler.cpp.o[0m
[ 41%] [32mBuilding CXX object CMakeFiles/motoman_industrial_robot_client.dir/src/industrial_robot_client/joint_trajectory_interface.cpp.o[0m
[ 42%] [32mBuilding CXX object CMakeFiles/motoman_industrial_robot_client_bswap.dir/src/industrial_robot_client/joint_trajectory_interface.cpp.o[0m
[ 44%] [32mBuilding CXX object CMakeFiles/motoman_industrial_robot_client_bswap.dir/src/industrial_robot_client/joint_trajectory_streamer.cpp.o[0m
[ 45%] [32mBuilding CXX object CMakeFiles/motoman_industrial_robot_client_bswap.dir/src/industrial_robot_client/motoman_utils.cpp.o[0m
[ 46%] [32mBuilding CXX object CMakeFiles/motoman_industrial_robot_client.dir/src/industrial_robot_client/joint_trajectory_streamer.cpp.o[0m
[ 48%] [32mBuilding CXX object CMakeFiles/motoman_industrial_robot_client.dir/src/industrial_robot_client/motoman_utils.cpp.o[0m
[ 49%] [32mBuilding CXX object CMakeFiles/motoman_industrial_robot_client.dir/src/industrial_robot_client/robot_state_interface.cpp.o[0m
[ 50%] [32mBuilding CXX object CMakeFiles/motoman_industrial_robot_client_bswap.dir/src/industrial_robot_client/robot_state_interface.cpp.o[0m
[ 52%] [32mBuilding CXX object CMakeFiles/motoman_industrial_robot_client_bswap.dir/src/simple_message/joint_feedback_ex.cpp.o[0m
[ 53%] [32mBuilding CXX object CMakeFiles/motoman_industrial_robot_client.dir/src/simple_message/joint_feedback_ex.cpp.o[0m
[ 54%] [32mBuilding CXX object CMakeFiles/motoman_industrial_robot_client_bswap.dir/src/simple_message/joint_traj_pt_full_ex.cpp.o[0m
[ 56%] [32mBuilding CXX object CMakeFiles/motoman_industrial_robot_client.dir/src/simple_message/messages/joint_feedback_ex_message.cpp.o[0m
[ 57%] [32mBuilding CXX object CMakeFiles/motoman_industrial_robot_client.dir/src/simple_message/messages/joint_traj_pt_full_ex_message.cpp.o[0m
[ 58%] [32mBuilding CXX object CMakeFiles/motoman_industrial_robot_client.dir/src/simple_message/joint_traj_pt_full_ex.cpp.o[0m
[ 60%] [32mBuilding CXX object CMakeFiles/motoman_industrial_robot_client_bswap.dir/src/simple_message/messages/joint_feedback_ex_message.cpp.o[0m
[ 61%] [32mBuilding CXX object CMakeFiles/motoman_industrial_robot_client_bswap.dir/src/simple_message/messages/joint_traj_pt_full_ex_message.cpp.o[0m
[ 62%] [32m[1mLinking CXX shared library /home/wmf-admin/Desktop/inferencerobotcontrolpkg/devel/.private/motoman_driver/lib/libmotoman_simple_message.so[0m
[ 64%] [32m[1mLinking CXX shared library /home/wmf-admin/Desktop/inferencerobotcontrolpkg/devel/.private/motoman_driver/lib/libmotoman_simple_message_bswap.so[0m
[ 64%] Built target motoman_simple_message
[ 64%] Built target motoman_simple_message_bswap
[ 65%] [32m[1mLinking CXX shared library /home/wmf-admin/Desktop/inferencerobotcontrolpkg/devel/.private/motoman_driver/lib/libmotoman_industrial_robot_client.so[0m
[ 66%] [32m[1mLinking CXX shared library /home/wmf-admin/Desktop/inferencerobotcontrolpkg/devel/.private/motoman_driver/lib/libmotoman_industrial_robot_client_bswap.so[0m
[ 66%] Built target motoman_industrial_robot_client
[35m[1mScanning dependencies of target motoman_motion_streaming_interface[0m
[35m[1mScanning dependencies of target motoman_io_relay[0m
[35m[1mScanning dependencies of target motoman_robot_state[0m
[35m[1mScanning dependencies of target motoman_driver_joint_trajectory_action[0m
[ 68%] [32mBuilding CXX object CMakeFiles/motoman_io_relay.dir/src/io_relay.cpp.o[0m
[ 69%] [32mBuilding CXX object CMakeFiles/motoman_io_relay.dir/src/io_ctrl.cpp.o[0m
[ 72%] [32mBuilding CXX object CMakeFiles/motoman_io_relay.dir/src/io_relay_node.cpp.o[0m
[ 72%] [32mBuilding CXX object CMakeFiles/motoman_motion_streaming_interface.dir/src/motion_ctrl.cpp.o[0m
[ 73%] [32mBuilding CXX object CMakeFiles/motoman_motion_streaming_interface.dir/src/joint_trajectory_streamer.cpp.o[0m
[ 74%] [32mBuilding CXX object CMakeFiles/motoman_motion_streaming_interface.dir/src/joint_streaming_node.cpp.o[0m
[ 77%] [32mBuilding CXX object CMakeFiles/motoman_robot_state.dir/src/robot_state_node.cpp.o[0m
[ 77%] [32mBuilding CXX object CMakeFiles/motoman_motion_streaming_interface.dir/src/io_ctrl.cpp.o[0m
[ 78%] [32mBuilding CXX object CMakeFiles/motoman_driver_joint_trajectory_action.dir/src/industrial_robot_client/joint_trajectory_action.cpp.o[0m
[ 80%] [32mBuilding CXX object CMakeFiles/motoman_driver_joint_trajectory_action.dir/src/joint_trajectory_action_node.cpp.o[0m
[ 80%] Built target motoman_industrial_robot_client_bswap
[35m[1mScanning dependencies of target motoman_robot_state_bswap[0m
[35m[1mScanning dependencies of target motoman_motion_streaming_interface_bswap[0m
[35m[1mScanning dependencies of target motoman_io_relay_bswap[0m
[ 81%] [32mBuilding CXX object CMakeFiles/motoman_robot_state_bswap.dir/src/robot_state_node.cpp.o[0m
[ 82%] [32mBuilding CXX object CMakeFiles/motoman_io_relay_bswap.dir/src/io_relay.cpp.o[0m
[ 84%] [32mBuilding CXX object CMakeFiles/motoman_io_relay_bswap.dir/src/io_ctrl.cpp.o[0m
[ 85%] [32mBuilding CXX object CMakeFiles/motoman_motion_streaming_interface_bswap.dir/src/joint_streaming_node.cpp.o[0m
[ 86%] [32mBuilding CXX object CMakeFiles/motoman_motion_streaming_interface_bswap.dir/src/joint_trajectory_streamer.cpp.o[0m
[ 88%] [32mBuilding CXX object CMakeFiles/motoman_motion_streaming_interface_bswap.dir/src/motion_ctrl.cpp.o[0m
[ 89%] [32mBuilding CXX object CMakeFiles/motoman_motion_streaming_interface_bswap.dir/src/io_ctrl.cpp.o[0m
[ 90%] [32mBuilding CXX object CMakeFiles/motoman_io_relay_bswap.dir/src/io_relay_node.cpp.o[0m
[ 92%] [32m[1mLinking CXX executable /home/wmf-admin/Desktop/inferencerobotcontrolpkg/devel/.private/motoman_driver/lib/motoman_driver/robot_state[0m
[ 92%] Built target motoman_robot_state
[ 93%] [32m[1mLinking CXX executable /home/wmf-admin/Desktop/inferencerobotcontrolpkg/devel/.private/motoman_driver/lib/motoman_driver/robot_state_bswap[0m
[ 93%] Built target motoman_robot_state_bswap
[ 94%] [32m[1mLinking CXX executable /home/wmf-admin/Desktop/inferencerobotcontrolpkg/devel/.private/motoman_driver/lib/motoman_driver/motion_streaming_interface[0m
[ 96%] [32m[1mLinking CXX executable /home/wmf-admin/Desktop/inferencerobotcontrolpkg/devel/.private/motoman_driver/lib/motoman_driver/io_relay_bswap[0m
[ 97%] [32m[1mLinking CXX executable /home/wmf-admin/Desktop/inferencerobotcontrolpkg/devel/.private/motoman_driver/lib/motoman_driver/io_relay[0m
[ 97%] Built target motoman_io_relay_bswap
[ 97%] Built target motoman_motion_streaming_interface
[ 97%] Built target motoman_io_relay
[ 98%] [32m[1mLinking CXX executable /home/wmf-admin/Desktop/inferencerobotcontrolpkg/devel/.private/motoman_driver/lib/motoman_driver/motion_streaming_interface_bswap[0m
[ 98%] Built target motoman_motion_streaming_interface_bswap
[100%] [32m[1mLinking CXX executable /home/wmf-admin/Desktop/inferencerobotcontrolpkg/devel/.private/motoman_driver/lib/motoman_driver/motoman_driver_joint_trajectory_action[0m
[100%] Built target motoman_driver_joint_trajectory_action
