Determining if the pthread_create exist failed with the following output:
Change Dir: /home/sawyercontrol/Desktop/robotcontrolpkg/build/motoman_gp88_support/CMakeFiles/CMakeTmp

Run Build Command:"/usr/bin/make" "cmTC_1f517/fast"
/usr/bin/make -f CMakeFiles/cmTC_1f517.dir/build.make CMakeFiles/cmTC_1f517.dir/build
make[1]: Entering directory '/home/sawyercontrol/Desktop/robotcontrolpkg/build/motoman_gp88_support/CMakeFiles/CMakeTmp'
Building C object CMakeFiles/cmTC_1f517.dir/CheckSymbolExists.c.o
/usr/bin/cc     -o CMakeFiles/cmTC_1f517.dir/CheckSymbolExists.c.o   -c /home/sawyercontrol/Desktop/robotcontrolpkg/build/motoman_gp88_support/CMakeFiles/CMakeTmp/CheckSymbolExists.c
Linking C executable cmTC_1f517
/usr/bin/cmake -E cmake_link_script CMakeFiles/cmTC_1f517.dir/link.txt --verbose=1
/usr/bin/cc       CMakeFiles/cmTC_1f517.dir/CheckSymbolExists.c.o  -o cmTC_1f517 -rdynamic 
CMakeFiles/cmTC_1f517.dir/CheckSymbolExists.c.o: In function `main':
CheckSymbolExists.c:(.text+0x16): undefined reference to `pthread_create'
collect2: error: ld returned 1 exit status
CMakeFiles/cmTC_1f517.dir/build.make:97: recipe for target 'cmTC_1f517' failed
make[1]: *** [cmTC_1f517] Error 1
make[1]: Leaving directory '/home/sawyercontrol/Desktop/robotcontrolpkg/build/motoman_gp88_support/CMakeFiles/CMakeTmp'
Makefile:126: recipe for target 'cmTC_1f517/fast' failed
make: *** [cmTC_1f517/fast] Error 2

File /home/sawyercontrol/Desktop/robotcontrolpkg/build/motoman_gp88_support/CMakeFiles/CMakeTmp/CheckSymbolExists.c:
/* */
#include <pthread.h>

int main(int argc, char** argv)
{
  (void)argv;
#ifndef pthread_create
  return ((int*)(&pthread_create))[argc];
#else
  (void)argc;
  return 0;
#endif
}

Determining if the function pthread_create exists in the pthreads failed with the following output:
Change Dir: /home/sawyercontrol/Desktop/robotcontrolpkg/build/motoman_gp88_support/CMakeFiles/CMakeTmp

Run Build Command:"/usr/bin/make" "cmTC_b1bb9/fast"
/usr/bin/make -f CMakeFiles/cmTC_b1bb9.dir/build.make CMakeFiles/cmTC_b1bb9.dir/build
make[1]: Entering directory '/home/sawyercontrol/Desktop/robotcontrolpkg/build/motoman_gp88_support/CMakeFiles/CMakeTmp'
Building C object CMakeFiles/cmTC_b1bb9.dir/CheckFunctionExists.c.o
/usr/bin/cc    -DCHECK_FUNCTION_EXISTS=pthread_create   -o CMakeFiles/cmTC_b1bb9.dir/CheckFunctionExists.c.o   -c /usr/share/cmake-3.5/Modules/CheckFunctionExists.c
Linking C executable cmTC_b1bb9
/usr/bin/cmake -E cmake_link_script CMakeFiles/cmTC_b1bb9.dir/link.txt --verbose=1
/usr/bin/cc   -DCHECK_FUNCTION_EXISTS=pthread_create    CMakeFiles/cmTC_b1bb9.dir/CheckFunctionExists.c.o  -o cmTC_b1bb9 -rdynamic -lpthreads 
/usr/bin/ld: cannot find -lpthreads
collect2: error: ld returned 1 exit status
CMakeFiles/cmTC_b1bb9.dir/build.make:97: recipe for target 'cmTC_b1bb9' failed
make[1]: *** [cmTC_b1bb9] Error 1
make[1]: Leaving directory '/home/sawyercontrol/Desktop/robotcontrolpkg/build/motoman_gp88_support/CMakeFiles/CMakeTmp'
Makefile:126: recipe for target 'cmTC_b1bb9/fast' failed
make: *** [cmTC_b1bb9/fast] Error 2


