Determining if the pthread_create exist failed with the following output:
Change Dir: /home/sawyercontrol/Desktop/robotcontrolpkg/build/motoman_driver/CMakeFiles/CMakeTmp

Run Build Command:"/usr/bin/make" "cmTC_873b7/fast"
/usr/bin/make -f CMakeFiles/cmTC_873b7.dir/build.make CMakeFiles/cmTC_873b7.dir/build
make[1]: Entering directory '/home/sawyercontrol/Desktop/robotcontrolpkg/build/motoman_driver/CMakeFiles/CMakeTmp'
Building C object CMakeFiles/cmTC_873b7.dir/CheckSymbolExists.c.o
/usr/bin/cc     -o CMakeFiles/cmTC_873b7.dir/CheckSymbolExists.c.o   -c /home/sawyercontrol/Desktop/robotcontrolpkg/build/motoman_driver/CMakeFiles/CMakeTmp/CheckSymbolExists.c
Linking C executable cmTC_873b7
/usr/bin/cmake -E cmake_link_script CMakeFiles/cmTC_873b7.dir/link.txt --verbose=1
/usr/bin/cc       CMakeFiles/cmTC_873b7.dir/CheckSymbolExists.c.o  -o cmTC_873b7 -rdynamic 
CMakeFiles/cmTC_873b7.dir/CheckSymbolExists.c.o: In function `main':
CheckSymbolExists.c:(.text+0x16): undefined reference to `pthread_create'
collect2: error: ld returned 1 exit status
CMakeFiles/cmTC_873b7.dir/build.make:97: recipe for target 'cmTC_873b7' failed
make[1]: *** [cmTC_873b7] Error 1
make[1]: Leaving directory '/home/sawyercontrol/Desktop/robotcontrolpkg/build/motoman_driver/CMakeFiles/CMakeTmp'
Makefile:126: recipe for target 'cmTC_873b7/fast' failed
make: *** [cmTC_873b7/fast] Error 2

File /home/sawyercontrol/Desktop/robotcontrolpkg/build/motoman_driver/CMakeFiles/CMakeTmp/CheckSymbolExists.c:
/* */
#include <pthread.h>

int main(int argc, char** argv)
{
  (void)argv;
#ifndef pthread_create
  return ((int*)(&pthread_create))[argc];
#else
  (void)argc;
  return 0;
#endif
}

Determining if the function pthread_create exists in the pthreads failed with the following output:
Change Dir: /home/sawyercontrol/Desktop/robotcontrolpkg/build/motoman_driver/CMakeFiles/CMakeTmp

Run Build Command:"/usr/bin/make" "cmTC_019c7/fast"
/usr/bin/make -f CMakeFiles/cmTC_019c7.dir/build.make CMakeFiles/cmTC_019c7.dir/build
make[1]: Entering directory '/home/sawyercontrol/Desktop/robotcontrolpkg/build/motoman_driver/CMakeFiles/CMakeTmp'
Building C object CMakeFiles/cmTC_019c7.dir/CheckFunctionExists.c.o
/usr/bin/cc    -DCHECK_FUNCTION_EXISTS=pthread_create   -o CMakeFiles/cmTC_019c7.dir/CheckFunctionExists.c.o   -c /usr/share/cmake-3.5/Modules/CheckFunctionExists.c
Linking C executable cmTC_019c7
/usr/bin/cmake -E cmake_link_script CMakeFiles/cmTC_019c7.dir/link.txt --verbose=1
/usr/bin/cc   -DCHECK_FUNCTION_EXISTS=pthread_create    CMakeFiles/cmTC_019c7.dir/CheckFunctionExists.c.o  -o cmTC_019c7 -rdynamic -lpthreads 
/usr/bin/ld: cannot find -lpthreads
collect2: error: ld returned 1 exit status
CMakeFiles/cmTC_019c7.dir/build.make:97: recipe for target 'cmTC_019c7' failed
make[1]: *** [cmTC_019c7] Error 1
make[1]: Leaving directory '/home/sawyercontrol/Desktop/robotcontrolpkg/build/motoman_driver/CMakeFiles/CMakeTmp'
Makefile:126: recipe for target 'cmTC_019c7/fast' failed
make: *** [cmTC_019c7/fast] Error 2


