Determining if the pthread_create exist failed with the following output:
Change Dir: /home/wmf-admin/Desktop/inferencerobotcontrolpkg/build/robot_moveit2/CMakeFiles/CMakeTmp

Run Build Command:"/usr/bin/make" "cmTC_284de/fast"
/usr/bin/make -f CMakeFiles/cmTC_284de.dir/build.make CMakeFiles/cmTC_284de.dir/build
make[1]: Entering directory '/home/wmf-admin/Desktop/inferencerobotcontrolpkg/build/robot_moveit2/CMakeFiles/CMakeTmp'
Building C object CMakeFiles/cmTC_284de.dir/CheckSymbolExists.c.o
/usr/bin/cc     -o CMakeFiles/cmTC_284de.dir/CheckSymbolExists.c.o   -c /home/wmf-admin/Desktop/inferencerobotcontrolpkg/build/robot_moveit2/CMakeFiles/CMakeTmp/CheckSymbolExists.c
Linking C executable cmTC_284de
/usr/bin/cmake -E cmake_link_script CMakeFiles/cmTC_284de.dir/link.txt --verbose=1
/usr/bin/cc       CMakeFiles/cmTC_284de.dir/CheckSymbolExists.c.o  -o cmTC_284de -rdynamic 
CMakeFiles/cmTC_284de.dir/CheckSymbolExists.c.o: In function `main':
CheckSymbolExists.c:(.text+0x16): undefined reference to `pthread_create'
collect2: error: ld returned 1 exit status
CMakeFiles/cmTC_284de.dir/build.make:97: recipe for target 'cmTC_284de' failed
make[1]: *** [cmTC_284de] Error 1
make[1]: Leaving directory '/home/wmf-admin/Desktop/inferencerobotcontrolpkg/build/robot_moveit2/CMakeFiles/CMakeTmp'
Makefile:126: recipe for target 'cmTC_284de/fast' failed
make: *** [cmTC_284de/fast] Error 2

File /home/wmf-admin/Desktop/inferencerobotcontrolpkg/build/robot_moveit2/CMakeFiles/CMakeTmp/CheckSymbolExists.c:
/* */
#include <pthread.h>

int main(int argc, char** argv)
{
  (void)argv;
#ifndef pthread_create
  return ((int*)(&pthread_create))[argc];
#else
  (void)argc;
  return 0;
#endif
}

Determining if the function pthread_create exists in the pthreads failed with the following output:
Change Dir: /home/wmf-admin/Desktop/inferencerobotcontrolpkg/build/robot_moveit2/CMakeFiles/CMakeTmp

Run Build Command:"/usr/bin/make" "cmTC_c53a4/fast"
/usr/bin/make -f CMakeFiles/cmTC_c53a4.dir/build.make CMakeFiles/cmTC_c53a4.dir/build
make[1]: Entering directory '/home/wmf-admin/Desktop/inferencerobotcontrolpkg/build/robot_moveit2/CMakeFiles/CMakeTmp'
Building C object CMakeFiles/cmTC_c53a4.dir/CheckFunctionExists.c.o
/usr/bin/cc    -DCHECK_FUNCTION_EXISTS=pthread_create   -o CMakeFiles/cmTC_c53a4.dir/CheckFunctionExists.c.o   -c /usr/share/cmake-3.5/Modules/CheckFunctionExists.c
Linking C executable cmTC_c53a4
/usr/bin/cmake -E cmake_link_script CMakeFiles/cmTC_c53a4.dir/link.txt --verbose=1
/usr/bin/cc   -DCHECK_FUNCTION_EXISTS=pthread_create    CMakeFiles/cmTC_c53a4.dir/CheckFunctionExists.c.o  -o cmTC_c53a4 -rdynamic -lpthreads 
/usr/bin/ld: cannot find -lpthreads
collect2: error: ld returned 1 exit status
CMakeFiles/cmTC_c53a4.dir/build.make:97: recipe for target 'cmTC_c53a4' failed
make[1]: *** [cmTC_c53a4] Error 1
make[1]: Leaving directory '/home/wmf-admin/Desktop/inferencerobotcontrolpkg/build/robot_moveit2/CMakeFiles/CMakeTmp'
Makefile:126: recipe for target 'cmTC_c53a4/fast' failed
make: *** [cmTC_c53a4/fast] Error 2


