Determining if the pthread_create exist failed with the following output:
Change Dir: /home/sawyercontrol/Desktop/robotcontrolpkg/build/motoman_mh5_support/CMakeFiles/CMakeTmp

Run Build Command:"/usr/bin/make" "cmTC_81a9c/fast"
/usr/bin/make -f CMakeFiles/cmTC_81a9c.dir/build.make CMakeFiles/cmTC_81a9c.dir/build
make[1]: Entering directory '/home/sawyercontrol/Desktop/robotcontrolpkg/build/motoman_mh5_support/CMakeFiles/CMakeTmp'
Building C object CMakeFiles/cmTC_81a9c.dir/CheckSymbolExists.c.o
/usr/bin/cc     -o CMakeFiles/cmTC_81a9c.dir/CheckSymbolExists.c.o   -c /home/sawyercontrol/Desktop/robotcontrolpkg/build/motoman_mh5_support/CMakeFiles/CMakeTmp/CheckSymbolExists.c
Linking C executable cmTC_81a9c
/usr/bin/cmake -E cmake_link_script CMakeFiles/cmTC_81a9c.dir/link.txt --verbose=1
/usr/bin/cc       CMakeFiles/cmTC_81a9c.dir/CheckSymbolExists.c.o  -o cmTC_81a9c -rdynamic 
CMakeFiles/cmTC_81a9c.dir/CheckSymbolExists.c.o: In function `main':
CheckSymbolExists.c:(.text+0x16): undefined reference to `pthread_create'
collect2: error: ld returned 1 exit status
CMakeFiles/cmTC_81a9c.dir/build.make:97: recipe for target 'cmTC_81a9c' failed
make[1]: *** [cmTC_81a9c] Error 1
make[1]: Leaving directory '/home/sawyercontrol/Desktop/robotcontrolpkg/build/motoman_mh5_support/CMakeFiles/CMakeTmp'
Makefile:126: recipe for target 'cmTC_81a9c/fast' failed
make: *** [cmTC_81a9c/fast] Error 2

File /home/sawyercontrol/Desktop/robotcontrolpkg/build/motoman_mh5_support/CMakeFiles/CMakeTmp/CheckSymbolExists.c:
/* */
#include <pthread.h>

int main(int argc, char** argv)
{
  (void)argv;
#ifndef pthread_create
  return ((int*)(&pthread_create))[argc];
#else
  (void)argc;
  return 0;
#endif
}

Determining if the function pthread_create exists in the pthreads failed with the following output:
Change Dir: /home/sawyercontrol/Desktop/robotcontrolpkg/build/motoman_mh5_support/CMakeFiles/CMakeTmp

Run Build Command:"/usr/bin/make" "cmTC_dc63c/fast"
/usr/bin/make -f CMakeFiles/cmTC_dc63c.dir/build.make CMakeFiles/cmTC_dc63c.dir/build
make[1]: Entering directory '/home/sawyercontrol/Desktop/robotcontrolpkg/build/motoman_mh5_support/CMakeFiles/CMakeTmp'
Building C object CMakeFiles/cmTC_dc63c.dir/CheckFunctionExists.c.o
/usr/bin/cc    -DCHECK_FUNCTION_EXISTS=pthread_create   -o CMakeFiles/cmTC_dc63c.dir/CheckFunctionExists.c.o   -c /usr/share/cmake-3.5/Modules/CheckFunctionExists.c
Linking C executable cmTC_dc63c
/usr/bin/cmake -E cmake_link_script CMakeFiles/cmTC_dc63c.dir/link.txt --verbose=1
/usr/bin/cc   -DCHECK_FUNCTION_EXISTS=pthread_create    CMakeFiles/cmTC_dc63c.dir/CheckFunctionExists.c.o  -o cmTC_dc63c -rdynamic -lpthreads 
/usr/bin/ld: cannot find -lpthreads
collect2: error: ld returned 1 exit status
CMakeFiles/cmTC_dc63c.dir/build.make:97: recipe for target 'cmTC_dc63c' failed
make[1]: *** [cmTC_dc63c] Error 1
make[1]: Leaving directory '/home/sawyercontrol/Desktop/robotcontrolpkg/build/motoman_mh5_support/CMakeFiles/CMakeTmp'
Makefile:126: recipe for target 'cmTC_dc63c/fast' failed
make: *** [cmTC_dc63c/fast] Error 2


