Determining if the pthread_create exist failed with the following output:
Change Dir: /home/sawyercontrol/Desktop/robotcontrolpkg/build/motoman_gp7_support/CMakeFiles/CMakeTmp

Run Build Command:"/usr/bin/make" "cmTC_68e35/fast"
/usr/bin/make -f CMakeFiles/cmTC_68e35.dir/build.make CMakeFiles/cmTC_68e35.dir/build
make[1]: Entering directory '/home/sawyercontrol/Desktop/robotcontrolpkg/build/motoman_gp7_support/CMakeFiles/CMakeTmp'
Building C object CMakeFiles/cmTC_68e35.dir/CheckSymbolExists.c.o
/usr/bin/cc     -o CMakeFiles/cmTC_68e35.dir/CheckSymbolExists.c.o   -c /home/sawyercontrol/Desktop/robotcontrolpkg/build/motoman_gp7_support/CMakeFiles/CMakeTmp/CheckSymbolExists.c
Linking C executable cmTC_68e35
/usr/bin/cmake -E cmake_link_script CMakeFiles/cmTC_68e35.dir/link.txt --verbose=1
/usr/bin/cc       CMakeFiles/cmTC_68e35.dir/CheckSymbolExists.c.o  -o cmTC_68e35 -rdynamic 
CMakeFiles/cmTC_68e35.dir/CheckSymbolExists.c.o: In function `main':
CheckSymbolExists.c:(.text+0x16): undefined reference to `pthread_create'
collect2: error: ld returned 1 exit status
CMakeFiles/cmTC_68e35.dir/build.make:97: recipe for target 'cmTC_68e35' failed
make[1]: *** [cmTC_68e35] Error 1
make[1]: Leaving directory '/home/sawyercontrol/Desktop/robotcontrolpkg/build/motoman_gp7_support/CMakeFiles/CMakeTmp'
Makefile:126: recipe for target 'cmTC_68e35/fast' failed
make: *** [cmTC_68e35/fast] Error 2

File /home/sawyercontrol/Desktop/robotcontrolpkg/build/motoman_gp7_support/CMakeFiles/CMakeTmp/CheckSymbolExists.c:
/* */
#include <pthread.h>

int main(int argc, char** argv)
{
  (void)argv;
#ifndef pthread_create
  return ((int*)(&pthread_create))[argc];
#else
  (void)argc;
  return 0;
#endif
}

Determining if the function pthread_create exists in the pthreads failed with the following output:
Change Dir: /home/sawyercontrol/Desktop/robotcontrolpkg/build/motoman_gp7_support/CMakeFiles/CMakeTmp

Run Build Command:"/usr/bin/make" "cmTC_f41e7/fast"
/usr/bin/make -f CMakeFiles/cmTC_f41e7.dir/build.make CMakeFiles/cmTC_f41e7.dir/build
make[1]: Entering directory '/home/sawyercontrol/Desktop/robotcontrolpkg/build/motoman_gp7_support/CMakeFiles/CMakeTmp'
Building C object CMakeFiles/cmTC_f41e7.dir/CheckFunctionExists.c.o
/usr/bin/cc    -DCHECK_FUNCTION_EXISTS=pthread_create   -o CMakeFiles/cmTC_f41e7.dir/CheckFunctionExists.c.o   -c /usr/share/cmake-3.5/Modules/CheckFunctionExists.c
Linking C executable cmTC_f41e7
/usr/bin/cmake -E cmake_link_script CMakeFiles/cmTC_f41e7.dir/link.txt --verbose=1
/usr/bin/cc   -DCHECK_FUNCTION_EXISTS=pthread_create    CMakeFiles/cmTC_f41e7.dir/CheckFunctionExists.c.o  -o cmTC_f41e7 -rdynamic -lpthreads 
/usr/bin/ld: cannot find -lpthreads
collect2: error: ld returned 1 exit status
CMakeFiles/cmTC_f41e7.dir/build.make:97: recipe for target 'cmTC_f41e7' failed
make[1]: *** [cmTC_f41e7] Error 1
make[1]: Leaving directory '/home/sawyercontrol/Desktop/robotcontrolpkg/build/motoman_gp7_support/CMakeFiles/CMakeTmp'
Makefile:126: recipe for target 'cmTC_f41e7/fast' failed
make: *** [cmTC_f41e7/fast] Error 2


