Determining if the pthread_create exist failed with the following output:
Change Dir: /home/sawyercontrol/Desktop/robotcontrolpkg/build/scripts/CMakeFiles/CMakeTmp

Run Build Command:"/usr/bin/make" "cmTC_cbc3a/fast"
/usr/bin/make -f CMakeFiles/cmTC_cbc3a.dir/build.make CMakeFiles/cmTC_cbc3a.dir/build
make[1]: Entering directory '/home/sawyercontrol/Desktop/robotcontrolpkg/build/scripts/CMakeFiles/CMakeTmp'
Building C object CMakeFiles/cmTC_cbc3a.dir/CheckSymbolExists.c.o
/usr/bin/cc     -o CMakeFiles/cmTC_cbc3a.dir/CheckSymbolExists.c.o   -c /home/sawyercontrol/Desktop/robotcontrolpkg/build/scripts/CMakeFiles/CMakeTmp/CheckSymbolExists.c
Linking C executable cmTC_cbc3a
/usr/bin/cmake -E cmake_link_script CMakeFiles/cmTC_cbc3a.dir/link.txt --verbose=1
/usr/bin/cc       CMakeFiles/cmTC_cbc3a.dir/CheckSymbolExists.c.o  -o cmTC_cbc3a -rdynamic 
CMakeFiles/cmTC_cbc3a.dir/CheckSymbolExists.c.o: In function `main':
CheckSymbolExists.c:(.text+0x16): undefined reference to `pthread_create'
collect2: error: ld returned 1 exit status
CMakeFiles/cmTC_cbc3a.dir/build.make:97: recipe for target 'cmTC_cbc3a' failed
make[1]: *** [cmTC_cbc3a] Error 1
make[1]: Leaving directory '/home/sawyercontrol/Desktop/robotcontrolpkg/build/scripts/CMakeFiles/CMakeTmp'
Makefile:126: recipe for target 'cmTC_cbc3a/fast' failed
make: *** [cmTC_cbc3a/fast] Error 2

File /home/sawyercontrol/Desktop/robotcontrolpkg/build/scripts/CMakeFiles/CMakeTmp/CheckSymbolExists.c:
/* */
#include <pthread.h>

int main(int argc, char** argv)
{
  (void)argv;
#ifndef pthread_create
  return ((int*)(&pthread_create))[argc];
#else
  (void)argc;
  return 0;
#endif
}

Determining if the function pthread_create exists in the pthreads failed with the following output:
Change Dir: /home/sawyercontrol/Desktop/robotcontrolpkg/build/scripts/CMakeFiles/CMakeTmp

Run Build Command:"/usr/bin/make" "cmTC_22403/fast"
/usr/bin/make -f CMakeFiles/cmTC_22403.dir/build.make CMakeFiles/cmTC_22403.dir/build
make[1]: Entering directory '/home/sawyercontrol/Desktop/robotcontrolpkg/build/scripts/CMakeFiles/CMakeTmp'
Building C object CMakeFiles/cmTC_22403.dir/CheckFunctionExists.c.o
/usr/bin/cc    -DCHECK_FUNCTION_EXISTS=pthread_create   -o CMakeFiles/cmTC_22403.dir/CheckFunctionExists.c.o   -c /usr/share/cmake-3.5/Modules/CheckFunctionExists.c
Linking C executable cmTC_22403
/usr/bin/cmake -E cmake_link_script CMakeFiles/cmTC_22403.dir/link.txt --verbose=1
/usr/bin/cc   -DCHECK_FUNCTION_EXISTS=pthread_create    CMakeFiles/cmTC_22403.dir/CheckFunctionExists.c.o  -o cmTC_22403 -rdynamic -lpthreads 
/usr/bin/ld: cannot find -lpthreads
collect2: error: ld returned 1 exit status
CMakeFiles/cmTC_22403.dir/build.make:97: recipe for target 'cmTC_22403' failed
make[1]: *** [cmTC_22403] Error 1
make[1]: Leaving directory '/home/sawyercontrol/Desktop/robotcontrolpkg/build/scripts/CMakeFiles/CMakeTmp'
Makefile:126: recipe for target 'cmTC_22403/fast' failed
make: *** [cmTC_22403/fast] Error 2


