Determining if the pthread_create exist failed with the following output:
Change Dir: /home/sawyercontrol/Desktop/robotcontrolpkg/build/motoman_gp180_support/CMakeFiles/CMakeTmp

Run Build Command:"/usr/bin/make" "cmTC_c4dac/fast"
/usr/bin/make -f CMakeFiles/cmTC_c4dac.dir/build.make CMakeFiles/cmTC_c4dac.dir/build
make[1]: Entering directory '/home/sawyercontrol/Desktop/robotcontrolpkg/build/motoman_gp180_support/CMakeFiles/CMakeTmp'
Building C object CMakeFiles/cmTC_c4dac.dir/CheckSymbolExists.c.o
/usr/bin/cc     -o CMakeFiles/cmTC_c4dac.dir/CheckSymbolExists.c.o   -c /home/sawyercontrol/Desktop/robotcontrolpkg/build/motoman_gp180_support/CMakeFiles/CMakeTmp/CheckSymbolExists.c
Linking C executable cmTC_c4dac
/usr/bin/cmake -E cmake_link_script CMakeFiles/cmTC_c4dac.dir/link.txt --verbose=1
/usr/bin/cc       CMakeFiles/cmTC_c4dac.dir/CheckSymbolExists.c.o  -o cmTC_c4dac -rdynamic 
CMakeFiles/cmTC_c4dac.dir/CheckSymbolExists.c.o: In function `main':
CheckSymbolExists.c:(.text+0x16): undefined reference to `pthread_create'
collect2: error: ld returned 1 exit status
CMakeFiles/cmTC_c4dac.dir/build.make:97: recipe for target 'cmTC_c4dac' failed
make[1]: *** [cmTC_c4dac] Error 1
make[1]: Leaving directory '/home/sawyercontrol/Desktop/robotcontrolpkg/build/motoman_gp180_support/CMakeFiles/CMakeTmp'
Makefile:126: recipe for target 'cmTC_c4dac/fast' failed
make: *** [cmTC_c4dac/fast] Error 2

File /home/sawyercontrol/Desktop/robotcontrolpkg/build/motoman_gp180_support/CMakeFiles/CMakeTmp/CheckSymbolExists.c:
/* */
#include <pthread.h>

int main(int argc, char** argv)
{
  (void)argv;
#ifndef pthread_create
  return ((int*)(&pthread_create))[argc];
#else
  (void)argc;
  return 0;
#endif
}

Determining if the function pthread_create exists in the pthreads failed with the following output:
Change Dir: /home/sawyercontrol/Desktop/robotcontrolpkg/build/motoman_gp180_support/CMakeFiles/CMakeTmp

Run Build Command:"/usr/bin/make" "cmTC_6141d/fast"
/usr/bin/make -f CMakeFiles/cmTC_6141d.dir/build.make CMakeFiles/cmTC_6141d.dir/build
make[1]: Entering directory '/home/sawyercontrol/Desktop/robotcontrolpkg/build/motoman_gp180_support/CMakeFiles/CMakeTmp'
Building C object CMakeFiles/cmTC_6141d.dir/CheckFunctionExists.c.o
/usr/bin/cc    -DCHECK_FUNCTION_EXISTS=pthread_create   -o CMakeFiles/cmTC_6141d.dir/CheckFunctionExists.c.o   -c /usr/share/cmake-3.5/Modules/CheckFunctionExists.c
Linking C executable cmTC_6141d
/usr/bin/cmake -E cmake_link_script CMakeFiles/cmTC_6141d.dir/link.txt --verbose=1
/usr/bin/cc   -DCHECK_FUNCTION_EXISTS=pthread_create    CMakeFiles/cmTC_6141d.dir/CheckFunctionExists.c.o  -o cmTC_6141d -rdynamic -lpthreads 
/usr/bin/ld: cannot find -lpthreads
collect2: error: ld returned 1 exit status
CMakeFiles/cmTC_6141d.dir/build.make:97: recipe for target 'cmTC_6141d' failed
make[1]: *** [cmTC_6141d] Error 1
make[1]: Leaving directory '/home/sawyercontrol/Desktop/robotcontrolpkg/build/motoman_gp180_support/CMakeFiles/CMakeTmp'
Makefile:126: recipe for target 'cmTC_6141d/fast' failed
make: *** [cmTC_6141d/fast] Error 2


