Determining if the pthread_create exist failed with the following output:
Change Dir: /home/wmf-admin/Desktop/inferencerobotcontrolpkg/build/motoman_sia10d_support/CMakeFiles/CMakeTmp

Run Build Command:"/usr/bin/make" "cmTC_3f9aa/fast"
/usr/bin/make -f CMakeFiles/cmTC_3f9aa.dir/build.make CMakeFiles/cmTC_3f9aa.dir/build
make[1]: Entering directory '/home/wmf-admin/Desktop/inferencerobotcontrolpkg/build/motoman_sia10d_support/CMakeFiles/CMakeTmp'
Building C object CMakeFiles/cmTC_3f9aa.dir/CheckSymbolExists.c.o
/usr/bin/cc     -o CMakeFiles/cmTC_3f9aa.dir/CheckSymbolExists.c.o   -c /home/wmf-admin/Desktop/inferencerobotcontrolpkg/build/motoman_sia10d_support/CMakeFiles/CMakeTmp/CheckSymbolExists.c
Linking C executable cmTC_3f9aa
/usr/bin/cmake -E cmake_link_script CMakeFiles/cmTC_3f9aa.dir/link.txt --verbose=1
/usr/bin/cc       CMakeFiles/cmTC_3f9aa.dir/CheckSymbolExists.c.o  -o cmTC_3f9aa -rdynamic 
CMakeFiles/cmTC_3f9aa.dir/CheckSymbolExists.c.o: In function `main':
CheckSymbolExists.c:(.text+0x16): undefined reference to `pthread_create'
collect2: error: ld returned 1 exit status
CMakeFiles/cmTC_3f9aa.dir/build.make:97: recipe for target 'cmTC_3f9aa' failed
make[1]: *** [cmTC_3f9aa] Error 1
make[1]: Leaving directory '/home/wmf-admin/Desktop/inferencerobotcontrolpkg/build/motoman_sia10d_support/CMakeFiles/CMakeTmp'
Makefile:126: recipe for target 'cmTC_3f9aa/fast' failed
make: *** [cmTC_3f9aa/fast] Error 2

File /home/wmf-admin/Desktop/inferencerobotcontrolpkg/build/motoman_sia10d_support/CMakeFiles/CMakeTmp/CheckSymbolExists.c:
/* */
#include <pthread.h>

int main(int argc, char** argv)
{
  (void)argv;
#ifndef pthread_create
  return ((int*)(&pthread_create))[argc];
#else
  (void)argc;
  return 0;
#endif
}

Determining if the function pthread_create exists in the pthreads failed with the following output:
Change Dir: /home/wmf-admin/Desktop/inferencerobotcontrolpkg/build/motoman_sia10d_support/CMakeFiles/CMakeTmp

Run Build Command:"/usr/bin/make" "cmTC_0c5ef/fast"
/usr/bin/make -f CMakeFiles/cmTC_0c5ef.dir/build.make CMakeFiles/cmTC_0c5ef.dir/build
make[1]: Entering directory '/home/wmf-admin/Desktop/inferencerobotcontrolpkg/build/motoman_sia10d_support/CMakeFiles/CMakeTmp'
Building C object CMakeFiles/cmTC_0c5ef.dir/CheckFunctionExists.c.o
/usr/bin/cc    -DCHECK_FUNCTION_EXISTS=pthread_create   -o CMakeFiles/cmTC_0c5ef.dir/CheckFunctionExists.c.o   -c /usr/share/cmake-3.5/Modules/CheckFunctionExists.c
Linking C executable cmTC_0c5ef
/usr/bin/cmake -E cmake_link_script CMakeFiles/cmTC_0c5ef.dir/link.txt --verbose=1
/usr/bin/cc   -DCHECK_FUNCTION_EXISTS=pthread_create    CMakeFiles/cmTC_0c5ef.dir/CheckFunctionExists.c.o  -o cmTC_0c5ef -rdynamic -lpthreads 
/usr/bin/ld: cannot find -lpthreads
collect2: error: ld returned 1 exit status
CMakeFiles/cmTC_0c5ef.dir/build.make:97: recipe for target 'cmTC_0c5ef' failed
make[1]: *** [cmTC_0c5ef] Error 1
make[1]: Leaving directory '/home/wmf-admin/Desktop/inferencerobotcontrolpkg/build/motoman_sia10d_support/CMakeFiles/CMakeTmp'
Makefile:126: recipe for target 'cmTC_0c5ef/fast' failed
make: *** [cmTC_0c5ef/fast] Error 2


