Determining if the pthread_create exist failed with the following output:
Change Dir: /home/wmf-admin/Desktop/inferencerobotcontrolpkg/build/motoman_driver/CMakeFiles/CMakeTmp

Run Build Command:"/usr/bin/make" "cmTC_85e3c/fast"
/usr/bin/make -f CMakeFiles/cmTC_85e3c.dir/build.make CMakeFiles/cmTC_85e3c.dir/build
make[1]: Entering directory '/home/wmf-admin/Desktop/inferencerobotcontrolpkg/build/motoman_driver/CMakeFiles/CMakeTmp'
Building C object CMakeFiles/cmTC_85e3c.dir/CheckSymbolExists.c.o
/usr/bin/cc     -o CMakeFiles/cmTC_85e3c.dir/CheckSymbolExists.c.o   -c /home/wmf-admin/Desktop/inferencerobotcontrolpkg/build/motoman_driver/CMakeFiles/CMakeTmp/CheckSymbolExists.c
Linking C executable cmTC_85e3c
/usr/bin/cmake -E cmake_link_script CMakeFiles/cmTC_85e3c.dir/link.txt --verbose=1
/usr/bin/cc       CMakeFiles/cmTC_85e3c.dir/CheckSymbolExists.c.o  -o cmTC_85e3c -rdynamic 
CMakeFiles/cmTC_85e3c.dir/CheckSymbolExists.c.o: In function `main':
CheckSymbolExists.c:(.text+0x16): undefined reference to `pthread_create'
collect2: error: ld returned 1 exit status
CMakeFiles/cmTC_85e3c.dir/build.make:97: recipe for target 'cmTC_85e3c' failed
make[1]: *** [cmTC_85e3c] Error 1
make[1]: Leaving directory '/home/wmf-admin/Desktop/inferencerobotcontrolpkg/build/motoman_driver/CMakeFiles/CMakeTmp'
Makefile:126: recipe for target 'cmTC_85e3c/fast' failed
make: *** [cmTC_85e3c/fast] Error 2

File /home/wmf-admin/Desktop/inferencerobotcontrolpkg/build/motoman_driver/CMakeFiles/CMakeTmp/CheckSymbolExists.c:
/* */
#include <pthread.h>

int main(int argc, char** argv)
{
  (void)argv;
#ifndef pthread_create
  return ((int*)(&pthread_create))[argc];
#else
  (void)argc;
  return 0;
#endif
}

Determining if the function pthread_create exists in the pthreads failed with the following output:
Change Dir: /home/wmf-admin/Desktop/inferencerobotcontrolpkg/build/motoman_driver/CMakeFiles/CMakeTmp

Run Build Command:"/usr/bin/make" "cmTC_3121b/fast"
/usr/bin/make -f CMakeFiles/cmTC_3121b.dir/build.make CMakeFiles/cmTC_3121b.dir/build
make[1]: Entering directory '/home/wmf-admin/Desktop/inferencerobotcontrolpkg/build/motoman_driver/CMakeFiles/CMakeTmp'
Building C object CMakeFiles/cmTC_3121b.dir/CheckFunctionExists.c.o
/usr/bin/cc    -DCHECK_FUNCTION_EXISTS=pthread_create   -o CMakeFiles/cmTC_3121b.dir/CheckFunctionExists.c.o   -c /usr/share/cmake-3.5/Modules/CheckFunctionExists.c
Linking C executable cmTC_3121b
/usr/bin/cmake -E cmake_link_script CMakeFiles/cmTC_3121b.dir/link.txt --verbose=1
/usr/bin/cc   -DCHECK_FUNCTION_EXISTS=pthread_create    CMakeFiles/cmTC_3121b.dir/CheckFunctionExists.c.o  -o cmTC_3121b -rdynamic -lpthreads 
/usr/bin/ld: cannot find -lpthreads
collect2: error: ld returned 1 exit status
CMakeFiles/cmTC_3121b.dir/build.make:97: recipe for target 'cmTC_3121b' failed
make[1]: *** [cmTC_3121b] Error 1
make[1]: Leaving directory '/home/wmf-admin/Desktop/inferencerobotcontrolpkg/build/motoman_driver/CMakeFiles/CMakeTmp'
Makefile:126: recipe for target 'cmTC_3121b/fast' failed
make: *** [cmTC_3121b/fast] Error 2


