Determining if the pthread_create exist failed with the following output:
Change Dir: /home/sawyercontrol/Desktop/robotcontrolpkg/build/motoman_sia5d_support/CMakeFiles/CMakeTmp

Run Build Command:"/usr/bin/make" "cmTC_a1416/fast"
/usr/bin/make -f CMakeFiles/cmTC_a1416.dir/build.make CMakeFiles/cmTC_a1416.dir/build
make[1]: Entering directory '/home/sawyercontrol/Desktop/robotcontrolpkg/build/motoman_sia5d_support/CMakeFiles/CMakeTmp'
Building C object CMakeFiles/cmTC_a1416.dir/CheckSymbolExists.c.o
/usr/bin/cc     -o CMakeFiles/cmTC_a1416.dir/CheckSymbolExists.c.o   -c /home/sawyercontrol/Desktop/robotcontrolpkg/build/motoman_sia5d_support/CMakeFiles/CMakeTmp/CheckSymbolExists.c
Linking C executable cmTC_a1416
/usr/bin/cmake -E cmake_link_script CMakeFiles/cmTC_a1416.dir/link.txt --verbose=1
/usr/bin/cc       CMakeFiles/cmTC_a1416.dir/CheckSymbolExists.c.o  -o cmTC_a1416 -rdynamic 
CMakeFiles/cmTC_a1416.dir/CheckSymbolExists.c.o: In function `main':
CheckSymbolExists.c:(.text+0x16): undefined reference to `pthread_create'
collect2: error: ld returned 1 exit status
CMakeFiles/cmTC_a1416.dir/build.make:97: recipe for target 'cmTC_a1416' failed
make[1]: *** [cmTC_a1416] Error 1
make[1]: Leaving directory '/home/sawyercontrol/Desktop/robotcontrolpkg/build/motoman_sia5d_support/CMakeFiles/CMakeTmp'
Makefile:126: recipe for target 'cmTC_a1416/fast' failed
make: *** [cmTC_a1416/fast] Error 2

File /home/sawyercontrol/Desktop/robotcontrolpkg/build/motoman_sia5d_support/CMakeFiles/CMakeTmp/CheckSymbolExists.c:
/* */
#include <pthread.h>

int main(int argc, char** argv)
{
  (void)argv;
#ifndef pthread_create
  return ((int*)(&pthread_create))[argc];
#else
  (void)argc;
  return 0;
#endif
}

Determining if the function pthread_create exists in the pthreads failed with the following output:
Change Dir: /home/sawyercontrol/Desktop/robotcontrolpkg/build/motoman_sia5d_support/CMakeFiles/CMakeTmp

Run Build Command:"/usr/bin/make" "cmTC_93f8f/fast"
/usr/bin/make -f CMakeFiles/cmTC_93f8f.dir/build.make CMakeFiles/cmTC_93f8f.dir/build
make[1]: Entering directory '/home/sawyercontrol/Desktop/robotcontrolpkg/build/motoman_sia5d_support/CMakeFiles/CMakeTmp'
Building C object CMakeFiles/cmTC_93f8f.dir/CheckFunctionExists.c.o
/usr/bin/cc    -DCHECK_FUNCTION_EXISTS=pthread_create   -o CMakeFiles/cmTC_93f8f.dir/CheckFunctionExists.c.o   -c /usr/share/cmake-3.5/Modules/CheckFunctionExists.c
Linking C executable cmTC_93f8f
/usr/bin/cmake -E cmake_link_script CMakeFiles/cmTC_93f8f.dir/link.txt --verbose=1
/usr/bin/cc   -DCHECK_FUNCTION_EXISTS=pthread_create    CMakeFiles/cmTC_93f8f.dir/CheckFunctionExists.c.o  -o cmTC_93f8f -rdynamic -lpthreads 
/usr/bin/ld: cannot find -lpthreads
collect2: error: ld returned 1 exit status
CMakeFiles/cmTC_93f8f.dir/build.make:97: recipe for target 'cmTC_93f8f' failed
make[1]: *** [cmTC_93f8f] Error 1
make[1]: Leaving directory '/home/sawyercontrol/Desktop/robotcontrolpkg/build/motoman_sia5d_support/CMakeFiles/CMakeTmp'
Makefile:126: recipe for target 'cmTC_93f8f/fast' failed
make: *** [cmTC_93f8f/fast] Error 2


