Symlinking /home/sawyercontrol/Desktop/robotcontrolpkg/devel/include/motoman_msgs/DynamicJointState.h
Symlinking /home/sawyercontrol/Desktop/robotcontrolpkg/devel/include/motoman_msgs/DynamicJointTrajectory.h
Symlinking /home/sawyercontrol/Desktop/robotcontrolpkg/devel/include/motoman_msgs/WriteSingleIO.h
Symlinking /home/sawyercontrol/Desktop/robotcontrolpkg/devel/include/motoman_msgs/CmdJointTrajectoryEx.h
Symlinking /home/sawyercontrol/Desktop/robotcontrolpkg/devel/include/motoman_msgs/ReadSingleIORequest.h
Symlinking /home/sawyercontrol/Desktop/robotcontrolpkg/devel/include/motoman_msgs/CmdJointTrajectoryExRequest.h
Symlinking /home/sawyercontrol/Desktop/robotcontrolpkg/devel/include/motoman_msgs/ReadSingleIOResponse.h
Symlinking /home/sawyercontrol/Desktop/robotcontrolpkg/devel/include/motoman_msgs/ReadSingleIO.h
Symlinking /home/sawyercontrol/Desktop/robotcontrolpkg/devel/include/motoman_msgs/WriteSingleIORequest.h
Symlinking /home/sawyercontrol/Desktop/robotcontrolpkg/devel/include/motoman_msgs/DynamicJointPoint.h
Symlinking /home/sawyercontrol/Desktop/robotcontrolpkg/devel/include/motoman_msgs/CmdJointTrajectoryExResponse.h
Symlinking /home/sawyercontrol/Desktop/robotcontrolpkg/devel/include/motoman_msgs/DynamicJointTrajectoryFeedback.h
Symlinking /home/sawyercontrol/Desktop/robotcontrolpkg/devel/include/motoman_msgs/WriteSingleIOResponse.h
Symlinking /home/sawyercontrol/Desktop/robotcontrolpkg/devel/include/motoman_msgs/DynamicJointsGroup.h
Symlinking /home/sawyercontrol/Desktop/robotcontrolpkg/devel/share/motoman_msgs/cmake/motoman_msgs-msg-extras.cmake
Symlinking /home/sawyercontrol/Desktop/robotcontrolpkg/devel/share/motoman_msgs/cmake/motoman_msgsConfig-version.cmake
Symlinking /home/sawyercontrol/Desktop/robotcontrolpkg/devel/share/motoman_msgs/cmake/motoman_msgs-msg-paths.cmake
Symlinking /home/sawyercontrol/Desktop/robotcontrolpkg/devel/share/motoman_msgs/cmake/motoman_msgsConfig.cmake
Symlinking /home/sawyercontrol/Desktop/robotcontrolpkg/devel/share/gennodejs/ros/motoman_msgs/_index.js
Symlinking /home/sawyercontrol/Desktop/robotcontrolpkg/devel/share/gennodejs/ros/motoman_msgs/msg/DynamicJointTrajectoryFeedback.js
Symlinking /home/sawyercontrol/Desktop/robotcontrolpkg/devel/share/gennodejs/ros/motoman_msgs/msg/DynamicJointTrajectory.js
Symlinking /home/sawyercontrol/Desktop/robotcontrolpkg/devel/share/gennodejs/ros/motoman_msgs/msg/DynamicJointPoint.js
Symlinking /home/sawyercontrol/Desktop/robotcontrolpkg/devel/share/gennodejs/ros/motoman_msgs/msg/_index.js
Symlinking /home/sawyercontrol/Desktop/robotcontrolpkg/devel/share/gennodejs/ros/motoman_msgs/msg/DynamicJointsGroup.js
Symlinking /home/sawyercontrol/Desktop/robotcontrolpkg/devel/share/gennodejs/ros/motoman_msgs/msg/DynamicJointState.js
Symlinking /home/sawyercontrol/Desktop/robotcontrolpkg/devel/share/gennodejs/ros/motoman_msgs/srv/_index.js
Symlinking /home/sawyercontrol/Desktop/robotcontrolpkg/devel/share/gennodejs/ros/motoman_msgs/srv/CmdJointTrajectoryEx.js
Symlinking /home/sawyercontrol/Desktop/robotcontrolpkg/devel/share/gennodejs/ros/motoman_msgs/srv/ReadSingleIO.js
Symlinking /home/sawyercontrol/Desktop/robotcontrolpkg/devel/share/gennodejs/ros/motoman_msgs/srv/WriteSingleIO.js
Symlinking /home/sawyercontrol/Desktop/robotcontrolpkg/devel/share/roseus/ros/motoman_msgs/manifest.l
Symlinking /home/sawyercontrol/Desktop/robotcontrolpkg/devel/share/roseus/ros/motoman_msgs/msg/DynamicJointTrajectoryFeedback.l
Symlinking /home/sawyercontrol/Desktop/robotcontrolpkg/devel/share/roseus/ros/motoman_msgs/msg/DynamicJointState.l
Symlinking /home/sawyercontrol/Desktop/robotcontrolpkg/devel/share/roseus/ros/motoman_msgs/msg/DynamicJointTrajectory.l
Symlinking /home/sawyercontrol/Desktop/robotcontrolpkg/devel/share/roseus/ros/motoman_msgs/msg/DynamicJointsGroup.l
Symlinking /home/sawyercontrol/Desktop/robotcontrolpkg/devel/share/roseus/ros/motoman_msgs/msg/DynamicJointPoint.l
Symlinking /home/sawyercontrol/Desktop/robotcontrolpkg/devel/share/roseus/ros/motoman_msgs/srv/WriteSingleIO.l
Symlinking /home/sawyercontrol/Desktop/robotcontrolpkg/devel/share/roseus/ros/motoman_msgs/srv/CmdJointTrajectoryEx.l
Symlinking /home/sawyercontrol/Desktop/robotcontrolpkg/devel/share/roseus/ros/motoman_msgs/srv/ReadSingleIO.l
Symlinking /home/sawyercontrol/Desktop/robotcontrolpkg/devel/share/common-lisp/ros/motoman_msgs/msg/_package_DynamicJointTrajectory.lisp
Symlinking /home/sawyercontrol/Desktop/robotcontrolpkg/devel/share/common-lisp/ros/motoman_msgs/msg/_package_DynamicJointsGroup.lisp
Symlinking /home/sawyercontrol/Desktop/robotcontrolpkg/devel/share/common-lisp/ros/motoman_msgs/msg/motoman_msgs-msg.asd
Symlinking /home/sawyercontrol/Desktop/robotcontrolpkg/devel/share/common-lisp/ros/motoman_msgs/msg/_package_DynamicJointTrajectoryFeedback.lisp
Symlinking /home/sawyercontrol/Desktop/robotcontrolpkg/devel/share/common-lisp/ros/motoman_msgs/msg/DynamicJointTrajectory.lisp
Symlinking /home/sawyercontrol/Desktop/robotcontrolpkg/devel/share/common-lisp/ros/motoman_msgs/msg/_package.lisp
Symlinking /home/sawyercontrol/Desktop/robotcontrolpkg/devel/share/common-lisp/ros/motoman_msgs/msg/_package_DynamicJointState.lisp
Symlinking /home/sawyercontrol/Desktop/robotcontrolpkg/devel/share/common-lisp/ros/motoman_msgs/msg/DynamicJointState.lisp
Symlinking /home/sawyercontrol/Desktop/robotcontrolpkg/devel/share/common-lisp/ros/motoman_msgs/msg/DynamicJointTrajectoryFeedback.lisp
Symlinking /home/sawyercontrol/Desktop/robotcontrolpkg/devel/share/common-lisp/ros/motoman_msgs/msg/_package_DynamicJointPoint.lisp
Symlinking /home/sawyercontrol/Desktop/robotcontrolpkg/devel/share/common-lisp/ros/motoman_msgs/msg/DynamicJointPoint.lisp
Symlinking /home/sawyercontrol/Desktop/robotcontrolpkg/devel/share/common-lisp/ros/motoman_msgs/msg/DynamicJointsGroup.lisp
Symlinking /home/sawyercontrol/Desktop/robotcontrolpkg/devel/share/common-lisp/ros/motoman_msgs/srv/ReadSingleIO.lisp
Symlinking /home/sawyercontrol/Desktop/robotcontrolpkg/devel/share/common-lisp/ros/motoman_msgs/srv/CmdJointTrajectoryEx.lisp
Symlinking /home/sawyercontrol/Desktop/robotcontrolpkg/devel/share/common-lisp/ros/motoman_msgs/srv/_package.lisp
Symlinking /home/sawyercontrol/Desktop/robotcontrolpkg/devel/share/common-lisp/ros/motoman_msgs/srv/motoman_msgs-srv.asd
Symlinking /home/sawyercontrol/Desktop/robotcontrolpkg/devel/share/common-lisp/ros/motoman_msgs/srv/WriteSingleIO.lisp
Symlinking /home/sawyercontrol/Desktop/robotcontrolpkg/devel/share/common-lisp/ros/motoman_msgs/srv/_package_WriteSingleIO.lisp
Symlinking /home/sawyercontrol/Desktop/robotcontrolpkg/devel/share/common-lisp/ros/motoman_msgs/srv/_package_CmdJointTrajectoryEx.lisp
Symlinking /home/sawyercontrol/Desktop/robotcontrolpkg/devel/share/common-lisp/ros/motoman_msgs/srv/_package_ReadSingleIO.lisp
Symlinking /home/sawyercontrol/Desktop/robotcontrolpkg/devel/lib/python2.7/dist-packages/motoman_msgs/__init__.py
Symlinking /home/sawyercontrol/Desktop/robotcontrolpkg/devel/lib/python2.7/dist-packages/motoman_msgs/msg/_DynamicJointState.py
Symlinking /home/sawyercontrol/Desktop/robotcontrolpkg/devel/lib/python2.7/dist-packages/motoman_msgs/msg/_DynamicJointTrajectory.py
Symlinking /home/sawyercontrol/Desktop/robotcontrolpkg/devel/lib/python2.7/dist-packages/motoman_msgs/msg/_DynamicJointsGroup.py
Symlinking /home/sawyercontrol/Desktop/robotcontrolpkg/devel/lib/python2.7/dist-packages/motoman_msgs/msg/__init__.py
Symlinking /home/sawyercontrol/Desktop/robotcontrolpkg/devel/lib/python2.7/dist-packages/motoman_msgs/msg/_DynamicJointPoint.py
Symlinking /home/sawyercontrol/Desktop/robotcontrolpkg/devel/lib/python2.7/dist-packages/motoman_msgs/msg/_DynamicJointTrajectoryFeedback.py
Symlinking /home/sawyercontrol/Desktop/robotcontrolpkg/devel/lib/python2.7/dist-packages/motoman_msgs/srv/_WriteSingleIO.py
Symlinking /home/sawyercontrol/Desktop/robotcontrolpkg/devel/lib/python2.7/dist-packages/motoman_msgs/srv/_CmdJointTrajectoryEx.py
Symlinking /home/sawyercontrol/Desktop/robotcontrolpkg/devel/lib/python2.7/dist-packages/motoman_msgs/srv/__init__.py
Symlinking /home/sawyercontrol/Desktop/robotcontrolpkg/devel/lib/python2.7/dist-packages/motoman_msgs/srv/_ReadSingleIO.py
Symlinking /home/sawyercontrol/Desktop/robotcontrolpkg/devel/lib/pkgconfig/motoman_msgs.pc
