Determining if the pthread_create exist failed with the following output:
Change Dir: /home/sawyercontrol/Desktop/robotcontrolpkg/build/motoman_ma2010_support/CMakeFiles/CMakeTmp

Run Build Command:"/usr/bin/make" "cmTC_1b4ff/fast"
/usr/bin/make -f CMakeFiles/cmTC_1b4ff.dir/build.make CMakeFiles/cmTC_1b4ff.dir/build
make[1]: Entering directory '/home/sawyercontrol/Desktop/robotcontrolpkg/build/motoman_ma2010_support/CMakeFiles/CMakeTmp'
Building C object CMakeFiles/cmTC_1b4ff.dir/CheckSymbolExists.c.o
/usr/bin/cc     -o CMakeFiles/cmTC_1b4ff.dir/CheckSymbolExists.c.o   -c /home/sawyercontrol/Desktop/robotcontrolpkg/build/motoman_ma2010_support/CMakeFiles/CMakeTmp/CheckSymbolExists.c
Linking C executable cmTC_1b4ff
/usr/bin/cmake -E cmake_link_script CMakeFiles/cmTC_1b4ff.dir/link.txt --verbose=1
/usr/bin/cc       CMakeFiles/cmTC_1b4ff.dir/CheckSymbolExists.c.o  -o cmTC_1b4ff -rdynamic 
CMakeFiles/cmTC_1b4ff.dir/CheckSymbolExists.c.o: In function `main':
CheckSymbolExists.c:(.text+0x16): undefined reference to `pthread_create'
collect2: error: ld returned 1 exit status
CMakeFiles/cmTC_1b4ff.dir/build.make:97: recipe for target 'cmTC_1b4ff' failed
make[1]: *** [cmTC_1b4ff] Error 1
make[1]: Leaving directory '/home/sawyercontrol/Desktop/robotcontrolpkg/build/motoman_ma2010_support/CMakeFiles/CMakeTmp'
Makefile:126: recipe for target 'cmTC_1b4ff/fast' failed
make: *** [cmTC_1b4ff/fast] Error 2

File /home/sawyercontrol/Desktop/robotcontrolpkg/build/motoman_ma2010_support/CMakeFiles/CMakeTmp/CheckSymbolExists.c:
/* */
#include <pthread.h>

int main(int argc, char** argv)
{
  (void)argv;
#ifndef pthread_create
  return ((int*)(&pthread_create))[argc];
#else
  (void)argc;
  return 0;
#endif
}

Determining if the function pthread_create exists in the pthreads failed with the following output:
Change Dir: /home/sawyercontrol/Desktop/robotcontrolpkg/build/motoman_ma2010_support/CMakeFiles/CMakeTmp

Run Build Command:"/usr/bin/make" "cmTC_443dd/fast"
/usr/bin/make -f CMakeFiles/cmTC_443dd.dir/build.make CMakeFiles/cmTC_443dd.dir/build
make[1]: Entering directory '/home/sawyercontrol/Desktop/robotcontrolpkg/build/motoman_ma2010_support/CMakeFiles/CMakeTmp'
Building C object CMakeFiles/cmTC_443dd.dir/CheckFunctionExists.c.o
/usr/bin/cc    -DCHECK_FUNCTION_EXISTS=pthread_create   -o CMakeFiles/cmTC_443dd.dir/CheckFunctionExists.c.o   -c /usr/share/cmake-3.5/Modules/CheckFunctionExists.c
Linking C executable cmTC_443dd
/usr/bin/cmake -E cmake_link_script CMakeFiles/cmTC_443dd.dir/link.txt --verbose=1
/usr/bin/cc   -DCHECK_FUNCTION_EXISTS=pthread_create    CMakeFiles/cmTC_443dd.dir/CheckFunctionExists.c.o  -o cmTC_443dd -rdynamic -lpthreads 
/usr/bin/ld: cannot find -lpthreads
collect2: error: ld returned 1 exit status
CMakeFiles/cmTC_443dd.dir/build.make:97: recipe for target 'cmTC_443dd' failed
make[1]: *** [cmTC_443dd] Error 1
make[1]: Leaving directory '/home/sawyercontrol/Desktop/robotcontrolpkg/build/motoman_ma2010_support/CMakeFiles/CMakeTmp'
Makefile:126: recipe for target 'cmTC_443dd/fast' failed
make: *** [cmTC_443dd/fast] Error 2


