Determining if the pthread_create exist failed with the following output:
Change Dir: /home/wmf-admin/Desktop/inferencerobotcontrolpkg/build/robot_config/CMakeFiles/CMakeTmp

Run Build Command:"/usr/bin/make" "cmTC_ce66d/fast"
/usr/bin/make -f CMakeFiles/cmTC_ce66d.dir/build.make CMakeFiles/cmTC_ce66d.dir/build
make[1]: Entering directory '/home/wmf-admin/Desktop/inferencerobotcontrolpkg/build/robot_config/CMakeFiles/CMakeTmp'
Building C object CMakeFiles/cmTC_ce66d.dir/CheckSymbolExists.c.o
/usr/bin/cc     -o CMakeFiles/cmTC_ce66d.dir/CheckSymbolExists.c.o   -c /home/wmf-admin/Desktop/inferencerobotcontrolpkg/build/robot_config/CMakeFiles/CMakeTmp/CheckSymbolExists.c
Linking C executable cmTC_ce66d
/usr/bin/cmake -E cmake_link_script CMakeFiles/cmTC_ce66d.dir/link.txt --verbose=1
/usr/bin/cc       CMakeFiles/cmTC_ce66d.dir/CheckSymbolExists.c.o  -o cmTC_ce66d -rdynamic 
CMakeFiles/cmTC_ce66d.dir/CheckSymbolExists.c.o: In function `main':
CheckSymbolExists.c:(.text+0x16): undefined reference to `pthread_create'
collect2: error: ld returned 1 exit status
CMakeFiles/cmTC_ce66d.dir/build.make:97: recipe for target 'cmTC_ce66d' failed
make[1]: *** [cmTC_ce66d] Error 1
make[1]: Leaving directory '/home/wmf-admin/Desktop/inferencerobotcontrolpkg/build/robot_config/CMakeFiles/CMakeTmp'
Makefile:126: recipe for target 'cmTC_ce66d/fast' failed
make: *** [cmTC_ce66d/fast] Error 2

File /home/wmf-admin/Desktop/inferencerobotcontrolpkg/build/robot_config/CMakeFiles/CMakeTmp/CheckSymbolExists.c:
/* */
#include <pthread.h>

int main(int argc, char** argv)
{
  (void)argv;
#ifndef pthread_create
  return ((int*)(&pthread_create))[argc];
#else
  (void)argc;
  return 0;
#endif
}

Determining if the function pthread_create exists in the pthreads failed with the following output:
Change Dir: /home/wmf-admin/Desktop/inferencerobotcontrolpkg/build/robot_config/CMakeFiles/CMakeTmp

Run Build Command:"/usr/bin/make" "cmTC_4f676/fast"
/usr/bin/make -f CMakeFiles/cmTC_4f676.dir/build.make CMakeFiles/cmTC_4f676.dir/build
make[1]: Entering directory '/home/wmf-admin/Desktop/inferencerobotcontrolpkg/build/robot_config/CMakeFiles/CMakeTmp'
Building C object CMakeFiles/cmTC_4f676.dir/CheckFunctionExists.c.o
/usr/bin/cc    -DCHECK_FUNCTION_EXISTS=pthread_create   -o CMakeFiles/cmTC_4f676.dir/CheckFunctionExists.c.o   -c /usr/share/cmake-3.5/Modules/CheckFunctionExists.c
Linking C executable cmTC_4f676
/usr/bin/cmake -E cmake_link_script CMakeFiles/cmTC_4f676.dir/link.txt --verbose=1
/usr/bin/cc   -DCHECK_FUNCTION_EXISTS=pthread_create    CMakeFiles/cmTC_4f676.dir/CheckFunctionExists.c.o  -o cmTC_4f676 -rdynamic -lpthreads 
/usr/bin/ld: cannot find -lpthreads
collect2: error: ld returned 1 exit status
CMakeFiles/cmTC_4f676.dir/build.make:97: recipe for target 'cmTC_4f676' failed
make[1]: *** [cmTC_4f676] Error 1
make[1]: Leaving directory '/home/wmf-admin/Desktop/inferencerobotcontrolpkg/build/robot_config/CMakeFiles/CMakeTmp'
Makefile:126: recipe for target 'cmTC_4f676/fast' failed
make: *** [cmTC_4f676/fast] Error 2


