Determining if the pthread_create exist failed with the following output:
Change Dir: /home/wmf-admin/Desktop/inferencerobotcontrolpkg/build/motoman_msgs/CMakeFiles/CMakeTmp

Run Build Command:"/usr/bin/make" "cmTC_dc10d/fast"
/usr/bin/make -f CMakeFiles/cmTC_dc10d.dir/build.make CMakeFiles/cmTC_dc10d.dir/build
make[1]: Entering directory '/home/wmf-admin/Desktop/inferencerobotcontrolpkg/build/motoman_msgs/CMakeFiles/CMakeTmp'
Building C object CMakeFiles/cmTC_dc10d.dir/CheckSymbolExists.c.o
/usr/bin/cc     -o CMakeFiles/cmTC_dc10d.dir/CheckSymbolExists.c.o   -c /home/wmf-admin/Desktop/inferencerobotcontrolpkg/build/motoman_msgs/CMakeFiles/CMakeTmp/CheckSymbolExists.c
Linking C executable cmTC_dc10d
/usr/bin/cmake -E cmake_link_script CMakeFiles/cmTC_dc10d.dir/link.txt --verbose=1
/usr/bin/cc       CMakeFiles/cmTC_dc10d.dir/CheckSymbolExists.c.o  -o cmTC_dc10d -rdynamic 
CMakeFiles/cmTC_dc10d.dir/CheckSymbolExists.c.o: In function `main':
CheckSymbolExists.c:(.text+0x16): undefined reference to `pthread_create'
collect2: error: ld returned 1 exit status
CMakeFiles/cmTC_dc10d.dir/build.make:97: recipe for target 'cmTC_dc10d' failed
make[1]: *** [cmTC_dc10d] Error 1
make[1]: Leaving directory '/home/wmf-admin/Desktop/inferencerobotcontrolpkg/build/motoman_msgs/CMakeFiles/CMakeTmp'
Makefile:126: recipe for target 'cmTC_dc10d/fast' failed
make: *** [cmTC_dc10d/fast] Error 2

File /home/wmf-admin/Desktop/inferencerobotcontrolpkg/build/motoman_msgs/CMakeFiles/CMakeTmp/CheckSymbolExists.c:
/* */
#include <pthread.h>

int main(int argc, char** argv)
{
  (void)argv;
#ifndef pthread_create
  return ((int*)(&pthread_create))[argc];
#else
  (void)argc;
  return 0;
#endif
}

Determining if the function pthread_create exists in the pthreads failed with the following output:
Change Dir: /home/wmf-admin/Desktop/inferencerobotcontrolpkg/build/motoman_msgs/CMakeFiles/CMakeTmp

Run Build Command:"/usr/bin/make" "cmTC_b505e/fast"
/usr/bin/make -f CMakeFiles/cmTC_b505e.dir/build.make CMakeFiles/cmTC_b505e.dir/build
make[1]: Entering directory '/home/wmf-admin/Desktop/inferencerobotcontrolpkg/build/motoman_msgs/CMakeFiles/CMakeTmp'
Building C object CMakeFiles/cmTC_b505e.dir/CheckFunctionExists.c.o
/usr/bin/cc    -DCHECK_FUNCTION_EXISTS=pthread_create   -o CMakeFiles/cmTC_b505e.dir/CheckFunctionExists.c.o   -c /usr/share/cmake-3.5/Modules/CheckFunctionExists.c
Linking C executable cmTC_b505e
/usr/bin/cmake -E cmake_link_script CMakeFiles/cmTC_b505e.dir/link.txt --verbose=1
/usr/bin/cc   -DCHECK_FUNCTION_EXISTS=pthread_create    CMakeFiles/cmTC_b505e.dir/CheckFunctionExists.c.o  -o cmTC_b505e -rdynamic -lpthreads 
/usr/bin/ld: cannot find -lpthreads
collect2: error: ld returned 1 exit status
CMakeFiles/cmTC_b505e.dir/build.make:97: recipe for target 'cmTC_b505e' failed
make[1]: *** [cmTC_b505e] Error 1
make[1]: Leaving directory '/home/wmf-admin/Desktop/inferencerobotcontrolpkg/build/motoman_msgs/CMakeFiles/CMakeTmp'
Makefile:126: recipe for target 'cmTC_b505e/fast' failed
make: *** [cmTC_b505e/fast] Error 2


