Determining if the pthread_create exist failed with the following output:
Change Dir: /home/wmf-admin/Desktop/inferencerobotcontrolpkg/build/scripts/CMakeFiles/CMakeTmp

Run Build Command:"/usr/bin/make" "cmTC_e7ec9/fast"
/usr/bin/make -f CMakeFiles/cmTC_e7ec9.dir/build.make CMakeFiles/cmTC_e7ec9.dir/build
make[1]: Entering directory '/home/wmf-admin/Desktop/inferencerobotcontrolpkg/build/scripts/CMakeFiles/CMakeTmp'
Building C object CMakeFiles/cmTC_e7ec9.dir/CheckSymbolExists.c.o
/usr/bin/cc     -o CMakeFiles/cmTC_e7ec9.dir/CheckSymbolExists.c.o   -c /home/wmf-admin/Desktop/inferencerobotcontrolpkg/build/scripts/CMakeFiles/CMakeTmp/CheckSymbolExists.c
Linking C executable cmTC_e7ec9
/usr/bin/cmake -E cmake_link_script CMakeFiles/cmTC_e7ec9.dir/link.txt --verbose=1
/usr/bin/cc       CMakeFiles/cmTC_e7ec9.dir/CheckSymbolExists.c.o  -o cmTC_e7ec9 -rdynamic 
CMakeFiles/cmTC_e7ec9.dir/CheckSymbolExists.c.o: In function `main':
CheckSymbolExists.c:(.text+0x16): undefined reference to `pthread_create'
collect2: error: ld returned 1 exit status
CMakeFiles/cmTC_e7ec9.dir/build.make:97: recipe for target 'cmTC_e7ec9' failed
make[1]: *** [cmTC_e7ec9] Error 1
make[1]: Leaving directory '/home/wmf-admin/Desktop/inferencerobotcontrolpkg/build/scripts/CMakeFiles/CMakeTmp'
Makefile:126: recipe for target 'cmTC_e7ec9/fast' failed
make: *** [cmTC_e7ec9/fast] Error 2

File /home/wmf-admin/Desktop/inferencerobotcontrolpkg/build/scripts/CMakeFiles/CMakeTmp/CheckSymbolExists.c:
/* */
#include <pthread.h>

int main(int argc, char** argv)
{
  (void)argv;
#ifndef pthread_create
  return ((int*)(&pthread_create))[argc];
#else
  (void)argc;
  return 0;
#endif
}

Determining if the function pthread_create exists in the pthreads failed with the following output:
Change Dir: /home/wmf-admin/Desktop/inferencerobotcontrolpkg/build/scripts/CMakeFiles/CMakeTmp

Run Build Command:"/usr/bin/make" "cmTC_6ab0a/fast"
/usr/bin/make -f CMakeFiles/cmTC_6ab0a.dir/build.make CMakeFiles/cmTC_6ab0a.dir/build
make[1]: Entering directory '/home/wmf-admin/Desktop/inferencerobotcontrolpkg/build/scripts/CMakeFiles/CMakeTmp'
Building C object CMakeFiles/cmTC_6ab0a.dir/CheckFunctionExists.c.o
/usr/bin/cc    -DCHECK_FUNCTION_EXISTS=pthread_create   -o CMakeFiles/cmTC_6ab0a.dir/CheckFunctionExists.c.o   -c /usr/share/cmake-3.5/Modules/CheckFunctionExists.c
Linking C executable cmTC_6ab0a
/usr/bin/cmake -E cmake_link_script CMakeFiles/cmTC_6ab0a.dir/link.txt --verbose=1
/usr/bin/cc   -DCHECK_FUNCTION_EXISTS=pthread_create    CMakeFiles/cmTC_6ab0a.dir/CheckFunctionExists.c.o  -o cmTC_6ab0a -rdynamic -lpthreads 
/usr/bin/ld: cannot find -lpthreads
collect2: error: ld returned 1 exit status
CMakeFiles/cmTC_6ab0a.dir/build.make:97: recipe for target 'cmTC_6ab0a' failed
make[1]: *** [cmTC_6ab0a] Error 1
make[1]: Leaving directory '/home/wmf-admin/Desktop/inferencerobotcontrolpkg/build/scripts/CMakeFiles/CMakeTmp'
Makefile:126: recipe for target 'cmTC_6ab0a/fast' failed
make: *** [cmTC_6ab0a/fast] Error 2


