[35m[1mScanning dependencies of target _motoman_msgs_generate_messages_check_deps_DynamicJointTrajectory[0m
[35m[1mScanning dependencies of target _motoman_msgs_generate_messages_check_deps_DynamicJointTrajectoryFeedback[0m
[35m[1mScanning dependencies of target _motoman_msgs_generate_messages_check_deps_ReadSingleIO[0m
[35m[1mScanning dependencies of target _motoman_msgs_generate_messages_check_deps_DynamicJointsGroup[0m
[35m[1mScanning dependencies of target std_msgs_generate_messages_lisp[0m
[35m[1mScanning dependencies of target _motoman_msgs_generate_messages_check_deps_DynamicJointPoint[0m
[35m[1mScanning dependencies of target _motoman_msgs_generate_messages_check_deps_WriteSingleIO[0m
[35m[1mScanning dependencies of target trajectory_msgs_generate_messages_lisp[0m
[35m[1mScanning dependencies of target _motoman_msgs_generate_messages_check_deps_CmdJointTrajectoryEx[0m
[35m[1mScanning dependencies of target industrial_msgs_generate_messages_lisp[0m
[35m[1mScanning dependencies of target _motoman_msgs_generate_messages_check_deps_DynamicJointState[0m
[35m[1mScanning dependencies of target industrial_msgs_generate_messages_nodejs[0m
[35m[1mScanning dependencies of target trajectory_msgs_generate_messages_cpp[0m
[35m[1mScanning dependencies of target trajectory_msgs_generate_messages_nodejs[0m
[35m[1mScanning dependencies of target trajectory_msgs_generate_messages_py[0m
[35m[1mScanning dependencies of target industrial_msgs_generate_messages_cpp[0m
[35m[1mScanning dependencies of target std_msgs_generate_messages_py[0m
[35m[1mScanning dependencies of target std_msgs_generate_messages_cpp[0m
[35m[1mScanning dependencies of target industrial_msgs_generate_messages_py[0m
[35m[1mScanning dependencies of target std_msgs_generate_messages_nodejs[0m
[35m[1mScanning dependencies of target std_msgs_generate_messages_eus[0m
[35m[1mScanning dependencies of target trajectory_msgs_generate_messages_eus[0m
[35m[1mScanning dependencies of target industrial_msgs_generate_messages_eus[0m
[  0%] Built target industrial_msgs_generate_messages_cpp
[  0%] Built target std_msgs_generate_messages_lisp
[  0%] Built target trajectory_msgs_generate_messages_nodejs
[  0%] Built target trajectory_msgs_generate_messages_lisp
[  0%] Built target trajectory_msgs_generate_messages_cpp
[  0%] Built target std_msgs_generate_messages_py
[  0%] Built target industrial_msgs_generate_messages_nodejs
[  0%] Built target trajectory_msgs_generate_messages_py
[  0%] Built target std_msgs_generate_messages_cpp
[  0%] Built target std_msgs_generate_messages_eus
[  0%] Built target industrial_msgs_generate_messages_lisp
[  0%] Built target std_msgs_generate_messages_nodejs
[  0%] Built target industrial_msgs_generate_messages_py
[  0%] Built target trajectory_msgs_generate_messages_eus
[  0%] Built target industrial_msgs_generate_messages_eus
[  0%] Built target _motoman_msgs_generate_messages_check_deps_DynamicJointsGroup
[  0%] Built target _motoman_msgs_generate_messages_check_deps_DynamicJointPoint
[  0%] Built target _motoman_msgs_generate_messages_check_deps_DynamicJointState
[  0%] Built target _motoman_msgs_generate_messages_check_deps_DynamicJointTrajectory
[  0%] Built target _motoman_msgs_generate_messages_check_deps_DynamicJointTrajectoryFeedback
[  0%] Built target _motoman_msgs_generate_messages_check_deps_WriteSingleIO
[  0%] Built target _motoman_msgs_generate_messages_check_deps_CmdJointTrajectoryEx
[  0%] Built target _motoman_msgs_generate_messages_check_deps_ReadSingleIO
[35m[1mScanning dependencies of target motoman_msgs_generate_messages_nodejs[0m
[35m[1mScanning dependencies of target motoman_msgs_generate_messages_cpp[0m
[35m[1mScanning dependencies of target motoman_msgs_generate_messages_py[0m
[35m[1mScanning dependencies of target motoman_msgs_generate_messages_lisp[0m
[35m[1mScanning dependencies of target motoman_msgs_generate_messages_eus[0m
[  4%] [34m[1mGenerating Python from MSG motoman_msgs/DynamicJointState[0m
[  4%] [34m[1mGenerating EusLisp code from motoman_msgs/DynamicJointsGroup.msg[0m
[  9%] [34m[1mGenerating C++ code from motoman_msgs/DynamicJointTrajectoryFeedback.msg[0m
[  9%] [34m[1mGenerating EusLisp code from motoman_msgs/DynamicJointState.msg[0m
[ 16%] [34m[1mGenerating Javascript code from motoman_msgs/DynamicJointPoint.msg[0m
[ 16%] [34m[1mGenerating Python from MSG motoman_msgs/DynamicJointPoint[0m
[ 18%] [34m[1mGenerating C++ code from motoman_msgs/DynamicJointsGroup.msg[0m
[ 27%] [34m[1mGenerating Javascript code from motoman_msgs/DynamicJointState.msg[0m
[ 27%] [34m[1mGenerating Lisp code from motoman_msgs/DynamicJointState.msg[0m
[ 27%] [34m[1mGenerating Javascript code from motoman_msgs/DynamicJointsGroup.msg[0m
[ 30%] [34m[1mGenerating Lisp code from motoman_msgs/DynamicJointPoint.msg[0m
[ 23%] [34m[1mGenerating C++ code from motoman_msgs/DynamicJointState.msg[0m
[ 23%] [34m[1mGenerating Lisp code from motoman_msgs/DynamicJointsGroup.msg[0m
[ 34%] [34m[1mGenerating Lisp code from motoman_msgs/CmdJointTrajectoryEx.srv[0m
[ 34%] [34m[1mGenerating Lisp code from motoman_msgs/DynamicJointTrajectory.msg[0m
[ 39%] [34m[1mGenerating Python from MSG motoman_msgs/DynamicJointsGroup[0m
[ 39%] [34m[1mGenerating EusLisp code from motoman_msgs/DynamicJointPoint.msg[0m
[ 44%] [34m[1mGenerating Javascript code from motoman_msgs/DynamicJointTrajectoryFeedback.msg[0m
[ 44%] [34m[1mGenerating Javascript code from motoman_msgs/DynamicJointTrajectory.msg[0m
[ 46%] [34m[1mGenerating C++ code from motoman_msgs/DynamicJointPoint.msg[0m
[ 48%] [34m[1mGenerating Lisp code from motoman_msgs/DynamicJointTrajectoryFeedback.msg[0m
[ 51%] [34m[1mGenerating Python from MSG motoman_msgs/DynamicJointTrajectoryFeedback[0m
[ 53%] [34m[1mGenerating EusLisp code from motoman_msgs/DynamicJointTrajectoryFeedback.msg[0m
[ 55%] [34m[1mGenerating C++ code from motoman_msgs/DynamicJointTrajectory.msg[0m
[ 58%] [34m[1mGenerating EusLisp code from motoman_msgs/DynamicJointTrajectory.msg[0m
[ 60%] [34m[1mGenerating EusLisp code from motoman_msgs/CmdJointTrajectoryEx.srv[0m
[ 62%] [34m[1mGenerating Javascript code from motoman_msgs/CmdJointTrajectoryEx.srv[0m
[ 65%] [34m[1mGenerating C++ code from motoman_msgs/CmdJointTrajectoryEx.srv[0m
[ 67%] [34m[1mGenerating Python code from SRV motoman_msgs/CmdJointTrajectoryEx[0m
[ 69%] [34m[1mGenerating EusLisp code from motoman_msgs/WriteSingleIO.srv[0m
[ 72%] [34m[1mGenerating EusLisp code from motoman_msgs/ReadSingleIO.srv[0m
[ 74%] [34m[1mGenerating Python from MSG motoman_msgs/DynamicJointTrajectory[0m
[ 76%] [34m[1mGenerating EusLisp manifest code for motoman_msgs[0m
[ 79%] [34m[1mGenerating Lisp code from motoman_msgs/WriteSingleIO.srv[0m
[ 81%] [34m[1mGenerating Lisp code from motoman_msgs/ReadSingleIO.srv[0m
[ 83%] [34m[1mGenerating Javascript code from motoman_msgs/WriteSingleIO.srv[0m
[ 86%] [34m[1mGenerating Python code from SRV motoman_msgs/WriteSingleIO[0m
[ 88%] [34m[1mGenerating Python code from SRV motoman_msgs/ReadSingleIO[0m
[ 90%] [34m[1mGenerating Javascript code from motoman_msgs/ReadSingleIO.srv[0m
[ 93%] [34m[1mGenerating C++ code from motoman_msgs/WriteSingleIO.srv[0m
[ 95%] [34m[1mGenerating C++ code from motoman_msgs/ReadSingleIO.srv[0m
[ 95%] Built target motoman_msgs_generate_messages_lisp
[ 95%] Built target motoman_msgs_generate_messages_nodejs
[ 97%] [34m[1mGenerating Python srv __init__.py for motoman_msgs[0m
[100%] [34m[1mGenerating Python msg __init__.py for motoman_msgs[0m
[100%] Built target motoman_msgs_generate_messages_py
[100%] Built target motoman_msgs_generate_messages_cpp
[100%] Built target motoman_msgs_generate_messages_eus
[35m[1mScanning dependencies of target motoman_msgs_generate_messages[0m
[100%] Built target motoman_msgs_generate_messages
