Determining if the pthread_create exist failed with the following output:
Change Dir: /home/sawyercontrol/Desktop/robotcontrolpkg/build/motoman_gp12_support/CMakeFiles/CMakeTmp

Run Build Command:"/usr/bin/make" "cmTC_77a8e/fast"
/usr/bin/make -f CMakeFiles/cmTC_77a8e.dir/build.make CMakeFiles/cmTC_77a8e.dir/build
make[1]: Entering directory '/home/sawyercontrol/Desktop/robotcontrolpkg/build/motoman_gp12_support/CMakeFiles/CMakeTmp'
Building C object CMakeFiles/cmTC_77a8e.dir/CheckSymbolExists.c.o
/usr/bin/cc     -o CMakeFiles/cmTC_77a8e.dir/CheckSymbolExists.c.o   -c /home/sawyercontrol/Desktop/robotcontrolpkg/build/motoman_gp12_support/CMakeFiles/CMakeTmp/CheckSymbolExists.c
Linking C executable cmTC_77a8e
/usr/bin/cmake -E cmake_link_script CMakeFiles/cmTC_77a8e.dir/link.txt --verbose=1
/usr/bin/cc       CMakeFiles/cmTC_77a8e.dir/CheckSymbolExists.c.o  -o cmTC_77a8e -rdynamic 
CMakeFiles/cmTC_77a8e.dir/CheckSymbolExists.c.o: In function `main':
CheckSymbolExists.c:(.text+0x16): undefined reference to `pthread_create'
collect2: error: ld returned 1 exit status
CMakeFiles/cmTC_77a8e.dir/build.make:97: recipe for target 'cmTC_77a8e' failed
make[1]: *** [cmTC_77a8e] Error 1
make[1]: Leaving directory '/home/sawyercontrol/Desktop/robotcontrolpkg/build/motoman_gp12_support/CMakeFiles/CMakeTmp'
Makefile:126: recipe for target 'cmTC_77a8e/fast' failed
make: *** [cmTC_77a8e/fast] Error 2

File /home/sawyercontrol/Desktop/robotcontrolpkg/build/motoman_gp12_support/CMakeFiles/CMakeTmp/CheckSymbolExists.c:
/* */
#include <pthread.h>

int main(int argc, char** argv)
{
  (void)argv;
#ifndef pthread_create
  return ((int*)(&pthread_create))[argc];
#else
  (void)argc;
  return 0;
#endif
}

Determining if the function pthread_create exists in the pthreads failed with the following output:
Change Dir: /home/sawyercontrol/Desktop/robotcontrolpkg/build/motoman_gp12_support/CMakeFiles/CMakeTmp

Run Build Command:"/usr/bin/make" "cmTC_de91a/fast"
/usr/bin/make -f CMakeFiles/cmTC_de91a.dir/build.make CMakeFiles/cmTC_de91a.dir/build
make[1]: Entering directory '/home/sawyercontrol/Desktop/robotcontrolpkg/build/motoman_gp12_support/CMakeFiles/CMakeTmp'
Building C object CMakeFiles/cmTC_de91a.dir/CheckFunctionExists.c.o
/usr/bin/cc    -DCHECK_FUNCTION_EXISTS=pthread_create   -o CMakeFiles/cmTC_de91a.dir/CheckFunctionExists.c.o   -c /usr/share/cmake-3.5/Modules/CheckFunctionExists.c
Linking C executable cmTC_de91a
/usr/bin/cmake -E cmake_link_script CMakeFiles/cmTC_de91a.dir/link.txt --verbose=1
/usr/bin/cc   -DCHECK_FUNCTION_EXISTS=pthread_create    CMakeFiles/cmTC_de91a.dir/CheckFunctionExists.c.o  -o cmTC_de91a -rdynamic -lpthreads 
/usr/bin/ld: cannot find -lpthreads
collect2: error: ld returned 1 exit status
CMakeFiles/cmTC_de91a.dir/build.make:97: recipe for target 'cmTC_de91a' failed
make[1]: *** [cmTC_de91a] Error 1
make[1]: Leaving directory '/home/sawyercontrol/Desktop/robotcontrolpkg/build/motoman_gp12_support/CMakeFiles/CMakeTmp'
Makefile:126: recipe for target 'cmTC_de91a/fast' failed
make: *** [cmTC_de91a/fast] Error 2


