Determining if the pthread_create exist failed with the following output:
Change Dir: /home/sawyercontrol/Desktop/robotcontrolpkg/build/motoman_sda10f_moveit_config/CMakeFiles/CMakeTmp

Run Build Command:"/usr/bin/make" "cmTC_1615e/fast"
/usr/bin/make -f CMakeFiles/cmTC_1615e.dir/build.make CMakeFiles/cmTC_1615e.dir/build
make[1]: Entering directory '/home/sawyercontrol/Desktop/robotcontrolpkg/build/motoman_sda10f_moveit_config/CMakeFiles/CMakeTmp'
Building C object CMakeFiles/cmTC_1615e.dir/CheckSymbolExists.c.o
/usr/bin/cc     -o CMakeFiles/cmTC_1615e.dir/CheckSymbolExists.c.o   -c /home/sawyercontrol/Desktop/robotcontrolpkg/build/motoman_sda10f_moveit_config/CMakeFiles/CMakeTmp/CheckSymbolExists.c
Linking C executable cmTC_1615e
/usr/bin/cmake -E cmake_link_script CMakeFiles/cmTC_1615e.dir/link.txt --verbose=1
/usr/bin/cc       CMakeFiles/cmTC_1615e.dir/CheckSymbolExists.c.o  -o cmTC_1615e -rdynamic 
CMakeFiles/cmTC_1615e.dir/CheckSymbolExists.c.o: In function `main':
CheckSymbolExists.c:(.text+0x16): undefined reference to `pthread_create'
collect2: error: ld returned 1 exit status
CMakeFiles/cmTC_1615e.dir/build.make:97: recipe for target 'cmTC_1615e' failed
make[1]: *** [cmTC_1615e] Error 1
make[1]: Leaving directory '/home/sawyercontrol/Desktop/robotcontrolpkg/build/motoman_sda10f_moveit_config/CMakeFiles/CMakeTmp'
Makefile:126: recipe for target 'cmTC_1615e/fast' failed
make: *** [cmTC_1615e/fast] Error 2

File /home/sawyercontrol/Desktop/robotcontrolpkg/build/motoman_sda10f_moveit_config/CMakeFiles/CMakeTmp/CheckSymbolExists.c:
/* */
#include <pthread.h>

int main(int argc, char** argv)
{
  (void)argv;
#ifndef pthread_create
  return ((int*)(&pthread_create))[argc];
#else
  (void)argc;
  return 0;
#endif
}

Determining if the function pthread_create exists in the pthreads failed with the following output:
Change Dir: /home/sawyercontrol/Desktop/robotcontrolpkg/build/motoman_sda10f_moveit_config/CMakeFiles/CMakeTmp

Run Build Command:"/usr/bin/make" "cmTC_192fe/fast"
/usr/bin/make -f CMakeFiles/cmTC_192fe.dir/build.make CMakeFiles/cmTC_192fe.dir/build
make[1]: Entering directory '/home/sawyercontrol/Desktop/robotcontrolpkg/build/motoman_sda10f_moveit_config/CMakeFiles/CMakeTmp'
Building C object CMakeFiles/cmTC_192fe.dir/CheckFunctionExists.c.o
/usr/bin/cc    -DCHECK_FUNCTION_EXISTS=pthread_create   -o CMakeFiles/cmTC_192fe.dir/CheckFunctionExists.c.o   -c /usr/share/cmake-3.5/Modules/CheckFunctionExists.c
Linking C executable cmTC_192fe
/usr/bin/cmake -E cmake_link_script CMakeFiles/cmTC_192fe.dir/link.txt --verbose=1
/usr/bin/cc   -DCHECK_FUNCTION_EXISTS=pthread_create    CMakeFiles/cmTC_192fe.dir/CheckFunctionExists.c.o  -o cmTC_192fe -rdynamic -lpthreads 
/usr/bin/ld: cannot find -lpthreads
collect2: error: ld returned 1 exit status
CMakeFiles/cmTC_192fe.dir/build.make:97: recipe for target 'cmTC_192fe' failed
make[1]: *** [cmTC_192fe] Error 1
make[1]: Leaving directory '/home/sawyercontrol/Desktop/robotcontrolpkg/build/motoman_sda10f_moveit_config/CMakeFiles/CMakeTmp'
Makefile:126: recipe for target 'cmTC_192fe/fast' failed
make: *** [cmTC_192fe/fast] Error 2


