Determining if the pthread_create exist failed with the following output:
Change Dir: /home/wmf-admin/Desktop/inferencerobotcontrolpkg/build/motoman_sda10f_support/CMakeFiles/CMakeTmp

Run Build Command:"/usr/bin/make" "cmTC_19d3b/fast"
/usr/bin/make -f CMakeFiles/cmTC_19d3b.dir/build.make CMakeFiles/cmTC_19d3b.dir/build
make[1]: Entering directory '/home/wmf-admin/Desktop/inferencerobotcontrolpkg/build/motoman_sda10f_support/CMakeFiles/CMakeTmp'
Building C object CMakeFiles/cmTC_19d3b.dir/CheckSymbolExists.c.o
/usr/bin/cc     -o CMakeFiles/cmTC_19d3b.dir/CheckSymbolExists.c.o   -c /home/wmf-admin/Desktop/inferencerobotcontrolpkg/build/motoman_sda10f_support/CMakeFiles/CMakeTmp/CheckSymbolExists.c
Linking C executable cmTC_19d3b
/usr/bin/cmake -E cmake_link_script CMakeFiles/cmTC_19d3b.dir/link.txt --verbose=1
/usr/bin/cc       CMakeFiles/cmTC_19d3b.dir/CheckSymbolExists.c.o  -o cmTC_19d3b -rdynamic 
CMakeFiles/cmTC_19d3b.dir/CheckSymbolExists.c.o: In function `main':
CheckSymbolExists.c:(.text+0x16): undefined reference to `pthread_create'
collect2: error: ld returned 1 exit status
CMakeFiles/cmTC_19d3b.dir/build.make:97: recipe for target 'cmTC_19d3b' failed
make[1]: *** [cmTC_19d3b] Error 1
make[1]: Leaving directory '/home/wmf-admin/Desktop/inferencerobotcontrolpkg/build/motoman_sda10f_support/CMakeFiles/CMakeTmp'
Makefile:126: recipe for target 'cmTC_19d3b/fast' failed
make: *** [cmTC_19d3b/fast] Error 2

File /home/wmf-admin/Desktop/inferencerobotcontrolpkg/build/motoman_sda10f_support/CMakeFiles/CMakeTmp/CheckSymbolExists.c:
/* */
#include <pthread.h>

int main(int argc, char** argv)
{
  (void)argv;
#ifndef pthread_create
  return ((int*)(&pthread_create))[argc];
#else
  (void)argc;
  return 0;
#endif
}

Determining if the function pthread_create exists in the pthreads failed with the following output:
Change Dir: /home/wmf-admin/Desktop/inferencerobotcontrolpkg/build/motoman_sda10f_support/CMakeFiles/CMakeTmp

Run Build Command:"/usr/bin/make" "cmTC_2c402/fast"
/usr/bin/make -f CMakeFiles/cmTC_2c402.dir/build.make CMakeFiles/cmTC_2c402.dir/build
make[1]: Entering directory '/home/wmf-admin/Desktop/inferencerobotcontrolpkg/build/motoman_sda10f_support/CMakeFiles/CMakeTmp'
Building C object CMakeFiles/cmTC_2c402.dir/CheckFunctionExists.c.o
/usr/bin/cc    -DCHECK_FUNCTION_EXISTS=pthread_create   -o CMakeFiles/cmTC_2c402.dir/CheckFunctionExists.c.o   -c /usr/share/cmake-3.5/Modules/CheckFunctionExists.c
Linking C executable cmTC_2c402
/usr/bin/cmake -E cmake_link_script CMakeFiles/cmTC_2c402.dir/link.txt --verbose=1
/usr/bin/cc   -DCHECK_FUNCTION_EXISTS=pthread_create    CMakeFiles/cmTC_2c402.dir/CheckFunctionExists.c.o  -o cmTC_2c402 -rdynamic -lpthreads 
/usr/bin/ld: cannot find -lpthreads
collect2: error: ld returned 1 exit status
CMakeFiles/cmTC_2c402.dir/build.make:97: recipe for target 'cmTC_2c402' failed
make[1]: *** [cmTC_2c402] Error 1
make[1]: Leaving directory '/home/wmf-admin/Desktop/inferencerobotcontrolpkg/build/motoman_sda10f_support/CMakeFiles/CMakeTmp'
Makefile:126: recipe for target 'cmTC_2c402/fast' failed
make: *** [cmTC_2c402/fast] Error 2


