Determining if the pthread_create exist failed with the following output:
Change Dir: /home/sawyercontrol/Desktop/robotcontrolpkg/build/motoman_sda10f_support/CMakeFiles/CMakeTmp

Run Build Command:"/usr/bin/make" "cmTC_50cc3/fast"
/usr/bin/make -f CMakeFiles/cmTC_50cc3.dir/build.make CMakeFiles/cmTC_50cc3.dir/build
make[1]: Entering directory '/home/sawyercontrol/Desktop/robotcontrolpkg/build/motoman_sda10f_support/CMakeFiles/CMakeTmp'
Building C object CMakeFiles/cmTC_50cc3.dir/CheckSymbolExists.c.o
/usr/bin/cc     -o CMakeFiles/cmTC_50cc3.dir/CheckSymbolExists.c.o   -c /home/sawyercontrol/Desktop/robotcontrolpkg/build/motoman_sda10f_support/CMakeFiles/CMakeTmp/CheckSymbolExists.c
Linking C executable cmTC_50cc3
/usr/bin/cmake -E cmake_link_script CMakeFiles/cmTC_50cc3.dir/link.txt --verbose=1
/usr/bin/cc       CMakeFiles/cmTC_50cc3.dir/CheckSymbolExists.c.o  -o cmTC_50cc3 -rdynamic 
CMakeFiles/cmTC_50cc3.dir/CheckSymbolExists.c.o: In function `main':
CheckSymbolExists.c:(.text+0x16): undefined reference to `pthread_create'
collect2: error: ld returned 1 exit status
CMakeFiles/cmTC_50cc3.dir/build.make:97: recipe for target 'cmTC_50cc3' failed
make[1]: *** [cmTC_50cc3] Error 1
make[1]: Leaving directory '/home/sawyercontrol/Desktop/robotcontrolpkg/build/motoman_sda10f_support/CMakeFiles/CMakeTmp'
Makefile:126: recipe for target 'cmTC_50cc3/fast' failed
make: *** [cmTC_50cc3/fast] Error 2

File /home/sawyercontrol/Desktop/robotcontrolpkg/build/motoman_sda10f_support/CMakeFiles/CMakeTmp/CheckSymbolExists.c:
/* */
#include <pthread.h>

int main(int argc, char** argv)
{
  (void)argv;
#ifndef pthread_create
  return ((int*)(&pthread_create))[argc];
#else
  (void)argc;
  return 0;
#endif
}

Determining if the function pthread_create exists in the pthreads failed with the following output:
Change Dir: /home/sawyercontrol/Desktop/robotcontrolpkg/build/motoman_sda10f_support/CMakeFiles/CMakeTmp

Run Build Command:"/usr/bin/make" "cmTC_a4147/fast"
/usr/bin/make -f CMakeFiles/cmTC_a4147.dir/build.make CMakeFiles/cmTC_a4147.dir/build
make[1]: Entering directory '/home/sawyercontrol/Desktop/robotcontrolpkg/build/motoman_sda10f_support/CMakeFiles/CMakeTmp'
Building C object CMakeFiles/cmTC_a4147.dir/CheckFunctionExists.c.o
/usr/bin/cc    -DCHECK_FUNCTION_EXISTS=pthread_create   -o CMakeFiles/cmTC_a4147.dir/CheckFunctionExists.c.o   -c /usr/share/cmake-3.5/Modules/CheckFunctionExists.c
Linking C executable cmTC_a4147
/usr/bin/cmake -E cmake_link_script CMakeFiles/cmTC_a4147.dir/link.txt --verbose=1
/usr/bin/cc   -DCHECK_FUNCTION_EXISTS=pthread_create    CMakeFiles/cmTC_a4147.dir/CheckFunctionExists.c.o  -o cmTC_a4147 -rdynamic -lpthreads 
/usr/bin/ld: cannot find -lpthreads
collect2: error: ld returned 1 exit status
CMakeFiles/cmTC_a4147.dir/build.make:97: recipe for target 'cmTC_a4147' failed
make[1]: *** [cmTC_a4147] Error 1
make[1]: Leaving directory '/home/sawyercontrol/Desktop/robotcontrolpkg/build/motoman_sda10f_support/CMakeFiles/CMakeTmp'
Makefile:126: recipe for target 'cmTC_a4147/fast' failed
make: *** [cmTC_a4147/fast] Error 2


